An error occurred: list index out of range -- Error on the IPOE IP: CBD_902_VDB_01 at CBD_902-MIN1918-ATN910C-01 - IPOE VLAN interface Eth-Trunk3.852	
An error occurred: list index out of range -- Error on the IPOE IP: CDO_708_HYB_01 at CDO_708_TDCAN_T910C_01_MIN1513 - IPOE VLAN interface Eth-Trunk3.-	
An error occurred: list index out of range -- Error on the IPOE IP: DVO_749_HYB_01 at DVO_749_TDCAN_910CG_01_MIN2860 - IPOE VLAN interface GigabitEthernet0/2/4.400	
An error occurred: list index out of range -- Error on the IPOE IP: DVO_009_HYB_01 at DVO_009_TDCAN_T910CG_01_MIN2532 - IPOE VLAN interface GigabitEthernet0/2/4.400	
An error occurred: list index out of range -- Error on the IPOE IP: DVO_009_GPONA_01 at DVO_009_TDCAN_T910CG_01_MIN2532 - IPOE VLAN interface GigabitEthernet0/2/5.400	
An error occurred: list index out of range -- Error on the IPOE IP: DVO_001_VDB_02 at DVO_001_TDCAN_T910CG_01_MIN2009 - IPOE VLAN interface GigabitEthernet0/2/13.-	
An error occurred: list index out of range -- Error on the IPOE IP: DVO_001_VDA_01 at DVO_001_TDCAN_T910CG_01_MIN2009 - IPOE VLAN interface GigabitEthernet0/2/12.-	
An error occurred: list index out of range -- Error on the IPOE IP: DVO_001_GPONA_01 at DVO_001_TDCAN_T910CG_01_MIN2009 - IPOE VLAN interface GigabitEthernet0/2/12.-	
An error occurred: list index out of range -- Error on the IPOE IP: BTN_001_GPONA_01 at BTN_001_TDCAN_T910D_01_MIN632 - IPOE VLAN interface Eth-Trunk3.400	
An error occurred: list index out of range -- Error on the IPOE IP: CDO_710_HYB_01 at CDO_710_TDCAN_T910D_01_MIN2633 - IPOE VLAN interface GigabitEthernet0/2/4.400	
An error occurred: list index out of range -- Error on the IPOE IP: CDO_711_HYB_01 at CDO_711_TDCAN_910D_01_MIN2658 - IPOE VLAN interface GigabitEthernet0/2/4.-	
An error occurred: list index out of range -- Error on the IPOE IP: ILG_001_GPONA_01 at ILIGAN-MIN826-TRS_DC_AGG-R0-01 - IPOE VLAN interface Eth-Trunk15.400	
An error occurred: list index out of range -- Error on the IPOE IP: ILG_001_GPONA_02 at ILIGAN-MIN826-TRS_DC_AGG-R0-01 - IPOE VLAN interface Eth-Trunk15.400	
An error occurred: list index out of range -- Error on the IPOE IP: DVO_748_HYB_01 at JUNA-MIN832-TRS_DC_AG-R3-02 - IPOE VLAN interface GigabitEthernet7/0/3.400	
An error occurred: list index out of range -- Error on the IPOE IP: DVO_061_GPONA_01 at JUNA-MIN832-TRS_DC_AG-R3-02 - IPOE VLAN interface GigabitEthernet2/0/3.400	
An error occurred: list index out of range -- Error on the IPOE IP: DVO_748_HYB_01 at JUNA-MIN832-TRS_DC_AG-R3-01 - IPOE VLAN interface GigabitEthernet6/0/6.400	
An error occurred: list index out of range -- Error on the IPOE IP: DVO_061_GPONA_01 at AGDAO-MIN1114-TRS_DC_AG-R3-01 - IPOE VLAN interface GigabitEthernet4/0/4.400	
An error occurred: list index out of range -- Error on the IPOE IP: ILG_001_GPONA_01 at ILIGAN-MIN826-TRS_DC_AGG-R0-02 - IPOE VLAN interface Eth-Trunk5.400	
An error occurred: list index out of range -- Error on the IPOE IP: DVO_010_GPONA_01 at CDO-MIN1092-AGGFMN-X16A-02 - IPOE VLAN interface GigabitEthernet16/1/11.-	
An error occurred: list index out of range -- Error on the IPOE IP: NBN_001_GPONA_01 at NABUN_TDCAN_T980C_01_MIN670 - IPOE VLAN interface Eth-Trunk7.400	
An error occurred: list index out of range -- Error on the IPOE IP: OZA_004_GPONA_01 at GANGOS_TDCAN_T980C_01_MIN1103 - IPOE VLAN interface Eth-Trunk7.-	
An error occurred: list index out of range -- Error on the IPOE IP: CDO_713_HYB_01 at PUNTOD2_TDCAN_T980C_01_MIN1840 - IPOE VLAN interface Eth-Trunk3.-	
An error occurred: list index out of range -- Error on the IPOE IP: ISU_001_GPONA_01 at ISULA2_TDCAN_T980C_01_MIN446 - IPOE VLAN interface Eth-Trunk7.400	
An error occurred: list index out of range -- Error on the IPOE IP: QCY_771_HYB_01 at QCY_771_TDCAN_910CG_01_NCR2077 - IPOE VLAN interface Eth-Trunk3.-	
An error occurred: list index out of range -- Error on the IPOE IP: MKT_151_VDB_01 at MKT-151_TDCAN_T910C_01_NCR2402 - IPOE VLAN interface Eth-Trunk4.-	
An error occurred: list index out of range -- Error on the IPOE IP: TGG_731_VDB_01 at TGG_731_TDCAN_910CG_01_NCR2680 - IPOE VLAN interface Eth-Trunk6.-	
An error occurred: list index out of range -- Error on the IPOE IP: CLC_712_VDB_01 at CLC_712_TDCAN_910D_01_NCR1402 - IPOE VLAN interface 25GigabitEthernet0/2/19.400	
An error occurred: list index out of range -- Error on the IPOE IP: PSG_747_VDA_01 at PSG-747_TDCAN_T910C_01_NCR3347 - IPOE VLAN interface GigabitEthernet0/2/12.-	
An error occurred: list index out of range -- Error on the IPOE IP: PSG_134_VDB_01 at PSG-134-NCR2498-ATN910B-01 - IPOE VLAN interface Eth-Trunk3.-	
An error occurred: list index out of range -- Error on the IPOE IP: PSG_139_HYB_01 at PSG-139-NCR2499-ATN910B-01 - IPOE VLAN interface Eth-Trunk2.-	
An error occurred: list index out of range -- Error on the IPOE IP: MKT_211_HYB_01 at MKT_211_TDCAN_910B_01_NCR2858 - IPOE VLAN interface Eth-Trunk3.-	
An error occurred: list index out of range -- Error on the IPOE IP: MKT_212_VDB_01 at MKT_212_TDCAN_910CG_01_NCR2857 - IPOE VLAN interface Eth-Trunk3.-	
An error occurred: list index out of range -- Error on the IPOE IP: MKT_310_HYB_01 at MKT_310_TDCAN_910CG_01_NCR3902 - IPOE VLAN interface Eth-Trunk3.-	
An error occurred: list index out of range -- Error on the IPOE IP: MKT_201_VDB_01 at MKT_201_TDCAN_910CG_01_NCR2862 - IPOE VLAN interface Eth-Trunk3.-	
An error occurred: list index out of range -- Error on the IPOE IP: QCY_753_HYB_02 at QCY_753_TDCAN_910CG_01_NCR2836 - IPOE VLAN interface Eth-Trunk4.-	
An error occurred: list index out of range -- Error on the IPOE IP: QCY_753_HYB_03 at QCY_753_TDCAN_910CG_01_NCR2836 - IPOE VLAN interface Eth-Trunk5.-	
An error occurred: list index out of range -- Error on the IPOE IP: QCY_766_VDB_01 at QCY_766_TDCAN_910CG_01_NCR3146 - IPOE VLAN interface Eth-Trunk4.-	
An error occurred: list index out of range -- Error on the IPOE IP: QCY_643_VDA_01 at QCY-643-NCR1208-ATN910B-01 - IPOE VLAN interface GigabitEthernet0/2/19.-	
An error occurred: list index out of range -- Error on the IPOE IP: PSG_113_HYB_01 at PSG-113-NCR2527-ATN910B-01 - IPOE VLAN interface Eth-Trunk3.-	
An error occurred: list index out of range -- Error on the IPOE IP: PSG_110_HYB_01 at PSG-110-NCR2485-ATN910B-01 - IPOE VLAN interface Eth-Trunk3.-	
An error occurred: list index out of range -- Error on the IPOE IP: PSG_114_HYB_01 at PSG-114-NCR2484-ATN910B-01 - IPOE VLAN interface Eth-Trunk3.-	
An error occurred: list index out of range -- Error on the IPOE IP: PSG_112_VDB_01 at PSG-112-NCR2493-ATN910B-01 - IPOE VLAN interface Eth-Trunk2.-	
An error occurred: list index out of range -- Error on the IPOE IP: PSG_145_HYB_01 at PSG-145-NCR2495-ATN910C-G-01 - IPOE VLAN interface Eth-Trunk4.-	
An error occurred: list index out of range -- Error on the IPOE IP: PSG_145_VDB_02 at PSG-145-NCR2495-ATN910C-G-01 - IPOE VLAN interface Eth-Trunk5.-	
An error occurred: list index out of range -- Error on the IPOE IP: PSG_132_HYB_01 at PSG-132-NCR2516-ATN910B-01 - IPOE VLAN interface Eth-Trunk2.-	
An error occurred: list index out of range -- Error on the IPOE IP: MKT_130_HYB_01 at MKT-130-NCR2416-ATN910B-01 - IPOE VLAN interface Eth-Trunk3.-	
An error occurred: list index out of range -- Error on the IPOE IP: PSG_744_HYB_01 at PSG_744_TDCAN_01_910CG_NCR2701 - IPOE VLAN interface Eth-Trunk3.-	
An error occurred: list index out of range -- Error on the IPOE IP: MKT_309_VDB_01 at MKT_309_TDCAN_910B_01_NCR2047 - IPOE VLAN interface Eth-Trunk2.-	
An error occurred: list index out of range -- Error on the IPOE IP: MKT_778_VDA_01 at MKT_778_TDCAN_T910D_01_NCR3189 - IPOE VLAN interface 25GigabitEthernet0/2/19.400	
An error occurred: list index out of range -- Error on the IPOE IP: MKT_743_VDB_01 at MKT_743_TDCAN_910B_01_NCR2432 - IPOE VLAN interface Eth-Trunk2.-	
An error occurred: list index out of range -- Error on the IPOE IP: MND_120_VDB_01 at MND_120_TDCAN_910CG_01_NCR2840 - IPOE VLAN interface Eth-Trunk3.-	
An error occurred: list index out of range -- Error on the IPOE IP: MND_109_HYB_01 at MND_109_TDCAN_910CG_01_NCR2842 - IPOE VLAN interface Eth-Trunk3.-	
An error occurred: list index out of range -- Error on the IPOE IP: MND_126_HYB_01 at MND_126_TDCAN_910B_01_NCR2355 - IPOE VLAN interface Eth-Trunk3.-	
An error occurred: list index out of range -- Error on the IPOE IP: MKT_139_HYB_01 at MKT_139_TDCAN_910B_01_NCR2415 - IPOE VLAN interface Eth-Trunk3.-	
An error occurred: list index out of range -- Error on the IPOE IP: MKT_125_HYB_01 at MKT_125_TDCAN_910B_01_NCR2872 - IPOE VLAN interface Eth-Trunk3.-	
An error occurred: list index out of range -- Error on the IPOE IP: MKT_125_HYB_02 at MKT_125_TDCAN_910B_01_NCR2872 - IPOE VLAN interface Eth-Trunk4.-	
An error occurred: list index out of range -- Error on the IPOE IP: MUN_105_HYB_01 at MUN_105_TDCAN_910B_01_NCR1695 - IPOE VLAN interface Eth-Trunk2.-	
An error occurred: list index out of range -- Error on the IPOE IP: LSP-107-IS at LSP_107_TDCAN_910C_01_NCR1416 - IPOE VLAN interface GigabitEthernet0/2/12.-	
An error occurred: list index out of range -- Error on the IPOE IP: LSP-107-IS at LSP_107_TDCAN_910C_01_NCR1416 - IPOE VLAN interface GigabitEthernet0/2/12.-	
An error occurred: list index out of range -- Error on the IPOE IP: LSP-107-IS at LSP_107_TDCAN_910C_01_NCR1416 - IPOE VLAN interface GigabitEthernet0/2/12.-	
An error occurred: list index out of range -- Error on the IPOE IP: LSP_109_VDA_01 at LSP_109_TDCAN_910B_01_NCR1664 - IPOE VLAN interface GigabitEthernet0/2/18.-	
An error occurred: list index out of range -- Error on the IPOE IP: LSP_109_VDA_02 at LSP_109_TDCAN_910B_01_NCR1664 - IPOE VLAN interface GigabitEthernet0/2/19.-	
An error occurred: list index out of range -- Error on the IPOE IP: LSP_109_VDA_03 at LSP_109_TDCAN_910B_01_NCR1664 - IPOE VLAN interface GigabitEthernet0/2/20.-	
An error occurred: list index out of range -- Error on the IPOE IP: LSP_109_VDB_01 at LSP_109_TDCAN_910B_01_NCR1664 - IPOE VLAN interface GigabitEthernet0/2/22.-	
An error occurred: list index out of range -- Error on the IPOE IP: PSG_150_HYB_01 at PSG_150_TDCAN_910B_01_NCR2530 - IPOE VLAN interface Eth-Trunk3.-	
An error occurred: list index out of range -- Error on the IPOE IP: PSG_120_VDB_01 at PSG_120_TDCAN_910B_01_NCR2515 - IPOE VLAN interface Eth-Trunk2.-	
An error occurred: list index out of range -- Error on the IPOE IP: PSG_118_VDB_01 at PSG_118_TDCAN_910CG_01_NCR2698 - IPOE VLAN interface Eth-Trunk3.-	
An error occurred: list index out of range -- Error on the IPOE IP: PSG_116_VDB_01 at PSG_116_TDCAN_910CG_01_NCR2597 - IPOE VLAN interface Eth-Trunk4.-	
An error occurred: list index out of range -- Error on the IPOE IP: PSG_101_VDB_01 at PSG_101_TDCAN_910CG_01_NCR2489 - IPOE VLAN interface Eth-Trunk3.-	
An error occurred: list index out of range -- Error on the IPOE IP: MND_716_VDB_01 at MND_716_TDCAN_910B_01_NCR2126 - IPOE VLAN interface Eth-Trunk3.-	
An error occurred: list index out of range -- Error on the IPOE IP: MND_114_HYB_01 at MND_114_TDCAN_910B_01_NCR2352 - IPOE VLAN interface Eth-Trunk3.-	
An error occurred: list index out of range -- Error on the IPOE IP: MND_722_HYB_01 at MND_722_TDCAN_910B_01_NCR2347 - IPOE VLAN interface Eth-Trunk3.-	
An error occurred: list index out of range -- Error on the IPOE IP: MRK_105_HYB_01 at MRK_105_TDCAN_01_T910CG_01_NCR2467 - IPOE VLAN interface Eth-Trunk5.-	
An error occurred: list index out of range -- Error on the IPOE IP: MND_723_VDB_02 at MND_723_TDCAN_T910CG_01_NCR2344 - IPOE VLAN interface Eth-Trunk4.-	
An error occurred: list index out of range -- Error on the IPOE IP: MND_714_HYB_01 at MND_714_TDCAN_910CG_01_NCR2124 - IPOE VLAN interface Eth-Trunk3.-	
An error occurred: list index out of range -- Error on the IPOE IP: MND_701_VDB_01 at MND_701_TDCAN_910CG_01_NCR1602 - IPOE VLAN interface Eth-Trunk3.-	
An error occurred: list index out of range -- Error on the IPOE IP: LSP_106_VDA_01 at LSP_106_TDCAN_910B_01_NCR1593 - IPOE VLAN interface GigabitEthernet0/2/19.-	
An error occurred: list index out of range -- Error on the IPOE IP: LSP_106_VDA_02 at LSP_106_TDCAN_910B_01_NCR1593 - IPOE VLAN interface GigabitEthernet0/2/20.-	
An error occurred: list index out of range -- Error on the IPOE IP: LSP_106_GPONA_01 at LSP_106_TDCAN_910B_01_NCR1593 - IPOE VLAN interface Eth-Trunk3.-	
An error occurred: list index out of range -- Error on the IPOE IP: LSP_105_VDA_01 at LSP_105_TDCAN_910B_01_NCR2852 - IPOE VLAN interface GigabitEthernet0/2/19.-	
An error occurred: list index out of range -- Error on the IPOE IP: LSP_105_VDA_02 at LSP_105_TDCAN_910B_01_NCR2852 - IPOE VLAN interface GigabitEthernet0/2/20.-	
An error occurred: list index out of range -- Error on the IPOE IP: LSP_105_VDA_03 at LSP_105_TDCAN_910B_01_NCR2852 - IPOE VLAN interface GigabitEthernet0/2/21.-	
An error occurred: list index out of range -- Error on the IPOE IP: LSP_105_VDB_01 at LSP_105_TDCAN_910B_01_NCR2852 - IPOE VLAN interface GigabitEthernet0/2/22.-	
An error occurred: list index out of range -- Error on the IPOE IP: PQE_109_HYB_01 at PQE_109_TDCAN_910B_01_NCR1710 - IPOE VLAN interface Eth-Trunk2.-	
An error occurred: list index out of range -- Error on the IPOE IP: PQE_108_VDB_01 at PQE_108_TDCAN_910B_01_NCR1709 - IPOE VLAN interface Eth-Trunk2.-	
An error occurred: list index out of range -- Error on the IPOE IP: MKT_101_VDB_01 at MKT_101_TDCAN_910CG_01_NCR2397 - IPOE VLAN interface Eth-Trunk3.-	
An error occurred: list index out of range -- Error on the IPOE IP: MKT_226_VDB_01 at MKT_226_TDCAN_910CG_01_NCR2866 - IPOE VLAN interface Eth-Trunk3.-	
An error occurred: list index out of range -- Error on the IPOE IP: QCY_735_HYB_01 at QCY_735_TDCAN_910B_01_NCR2613 - IPOE VLAN interface Eth-Trunk2.-	
An error occurred: list index out of range -- Error on the IPOE IP: QCY_748_VDB_01 at QCY_748_TDCAN_910B_01_NCR2180 - IPOE VLAN interface GigabitEthernet0/2/19.-	
An error occurred: list index out of range -- Error on the IPOE IP: CNT_704_VDB_01 at CNT_704_TDCAN_910B_01_SL1455 - IPOE VLAN interface GigabitEthernet0/2/19.-	
An error occurred: list index out of range -- Error on the IPOE IP: MNL_744_HYB_01 at MNL_744_TDCAN_910CG_01_NCR1431 - IPOE VLAN interface Eth-Trunk4.-	
An error occurred: list index out of range -- Error on the IPOE IP: MNL_706_HYB_02 at MNL_706_TDCAN_910CG_01_NCR2835 - IPOE VLAN interface Eth-Trunk4.-	
An error occurred: list index out of range -- Error on the IPOE IP: MNL_706_HYB_03 at MNL_706_TDCAN_910CG_01_NCR2835 - IPOE VLAN interface Eth-Trunk5.-	
An error occurred: list index out of range -- Error on the IPOE IP: MNL_715_HYB_01 at MNL_715_TDCAN_910B_01_NCR2135 - IPOE VLAN interface Eth-Trunk3.-	
An error occurred: list index out of range -- Error on the IPOE IP: MNL_733_HYB_01 at MNL_733_TDCAN_910B_01_NCR2318 - IPOE VLAN interface Eth-Trunk3.-	
An error occurred: list index out of range -- Error on the IPOE IP: MNL_509_GPONA_01 at MNL_733_TDCAN_910B_01_NCR2318 - IPOE VLAN interface Eth-Trunk4.-	
An error occurred: list index out of range -- Error on the IPOE IP: MNL_737_HYB_01 at MNL_737_TDCAN_910B_01_NCR2620 - IPOE VLAN interface Eth-Trunk3.-	
An error occurred: list index out of range -- Error on the IPOE IP: MND_118_HYB_01 at MND_118_TDCAN_910B_01_NCR2341 - IPOE VLAN interface Eth-Trunk2.-	
An error occurred: list index out of range -- Error on the IPOE IP: SJN_108_VDB_01 at SJN_108_TDCAN_910CG_01_NCR2563 - IPOE VLAN interface Eth-Trunk4.-	
An error occurred: list index out of range -- Error on the IPOE IP: MKT_809_HYB_01 at SJN_106_TDCAN_910CG_01_NCR2610 - IPOE VLAN interface Eth-Trunk4.-	
An error occurred: list index out of range -- Error on the IPOE IP: LSP_111_VDB_01 at LSP_111_TDCAN_910CG_01_NCR3305 - IPOE VLAN interface Eth-Trunk3.-	
An error occurred: list index out of range -- Error on the IPOE IP: MLB_706_HYB_01 at MLB_706_TDCAN_910B_01_NCR2121 - IPOE VLAN interface Eth-Trunk2.-	
An error occurred: list index out of range -- Error on the IPOE IP: MLB_701_HYB_01 at MLB_701_TDCAN_910B_01_NCR2118 - IPOE VLAN interface Eth-Trunk4.-	
An error occurred: list index out of range -- Error on the IPOE IP: QCY_739_HYB_01 at QCY_739_TDCAN_910B_01_NCR4696 - IPOE VLAN interface Eth-Trunk3.-	
An error occurred: list index out of range -- Error on the IPOE IP: QCY_740_HYB_01 at QCY_740_TDCAN_910B_01_NCR2173 - IPOE VLAN interface Eth-Trunk3.-	
An error occurred: list index out of range -- Error on the IPOE IP: QCY_732_HYB_01 at QCY_732_TDCAN_910B_01_NCR2168 - IPOE VLAN interface Eth-Trunk2.-	
An error occurred: list index out of range -- Error on the IPOE IP: QCY_710_VDB_01 at QCY_710_TDCAN_910CG_01_NCR1196 - IPOE VLAN interface Eth-Trunk3.-	
An error occurred: list index out of range -- Error on the IPOE IP: QCY_707_VDB_01 at QCY_707_TDCAN_910B_01_NCR1197 - IPOE VLAN interface GigabitEthernet0/2/19.-	
An error occurred: list index out of range -- Error on the IPOE IP: QCY_729_HYB_01 at QCY_729_TDCAN_910B_01_NCR2165 - IPOE VLAN interface Eth-Trunk3.-	
An error occurred: list index out of range -- Error on the IPOE IP: QCY_744_HYB_01 at QCY_744_TDCAN_910B_01_NCR2177 - IPOE VLAN interface Eth-Trunk3.-	
An error occurred: list index out of range -- Error on the IPOE IP: QCY_542_GPONA_01 at QCY_746_TDCAN_910B_01_NCR2178 - IPOE VLAN interface Eth-Trunk3.-	
An error occurred: list index out of range -- Error on the IPOE IP: QCY_218_VDB_01 at QCY_218_TDCAN_910B_01_NCR3714 - IPOE VLAN interface Eth-Trunk3.-	
An error occurred: list index out of range -- Error on the IPOE IP: PSG_743_VDB_02 at PSG_743_TDCAN_910CG_01_NCR2704 - IPOE VLAN interface Eth-Trunk4.-	
An error occurred: list index out of range -- Error on the IPOE IP: PSG_741_VDB_01 at PSG_741_TDCAN_910B_01_NCR2702 - IPOE VLAN interface Eth-Trunk2.-	
An error occurred: list index out of range -- Error on the IPOE IP: CNT_102_VDB_01 at CNT-102-SL1528-ATN910B-01 - IPOE VLAN interface Eth-Trunk2.-	
An error occurred: list index out of range -- Error on the IPOE IP: QCY_115_VDA_01 at QCY-115_TDCAN_T910D_01_NCR1309 - IPOE VLAN interface 25GigabitEthernet0/2/19.400	
An error occurred: list index out of range -- Error on the IPOE IP: MKT_171_HYB_01 at MKT-171-NCR2385-ATN910C-01 - IPOE VLAN interface Eth-Trunk4.-	
An error occurred: list index out of range -- Error on the IPOE IP: MND_108_HYB_01 at MND_108_TDCAN_910B_01_NCR2326 - IPOE VLAN interface Eth-Trunk3.-	
An error occurred: list index out of range -- Error on the IPOE IP: MKT_193_VDB_01 at MKT_193_TDCAN_910B_01_NCR1769 - IPOE VLAN interface Eth-Trunk2.-	
An error occurred: list index out of range -- Error on the IPOE IP: TGG_706_HYB_01 at TGG_706_TDCAN_910C_01_NCR2573 - IPOE VLAN interface Eth-Trunk3.-	
An error occurred: list index out of range -- Error on the IPOE IP: MKT_195_VDB_01 at MKT_195_TDCAN_910B_01_NCR2431 - IPOE VLAN interface Eth-Trunk3.-	
An error occurred: list index out of range -- Error on the IPOE IP: MKT_781_HYB_01 at MKT_781_TDCAN_910CG_01_NCR3279 - IPOE VLAN interface Eth-Trunk3.-	
An error occurred: list index out of range -- Error on the IPOE IP: QCY_212_VDB_01 at QCY_212_TDCAN_910B_01_NCR3904 - IPOE VLAN interface Eth-Trunk3.-	
An error occurred: list index out of range -- Error on the IPOE IP: QCY_777_VDA_01 at QCY_777_TDCAN_01_910B_01_NCR3335 - IPOE VLAN interface GigabitEthernet0/2/19.-	
An error occurred: list index out of range -- Error on the IPOE IP: QCY_777_VDA_02 at QCY_777_TDCAN_01_910B_01_NCR3335 - IPOE VLAN interface GigabitEthernet0/2/21.-	
An error occurred: list index out of range -- Error on the IPOE IP: QCY_778_VDB_01 at QCY_778_TDCAN_910B_01_NCR3441 - IPOE VLAN interface Eth-Trunk2.-	
An error occurred: list index out of range -- Error on the IPOE IP: QCY_768_VDA_01 at QCY_768_TDCAN_910B_01_NCR2763 - IPOE VLAN interface GigabitEthernet0/2/21.-	
An error occurred: list index out of range -- Error on the IPOE IP: QCY_768_VDA_02 at QCY_768_TDCAN_910B_01_NCR2763 - IPOE VLAN interface GigabitEthernet0/2/19.-	
An error occurred: list index out of range -- Error on the IPOE IP: QCY_768_VDA_03 at QCY_768_TDCAN_910B_01_NCR2763 - IPOE VLAN interface GigabitEthernet0/2/22.-	
An error occurred: list index out of range -- Error on the IPOE IP: QCY_768_VDA_04 at QCY_768_TDCAN_910B_01_NCR2763 - IPOE VLAN interface GigabitEthernet0/2/23.-	
An error occurred: list index out of range -- Error on the IPOE IP: QCY_768_VDB_01 at QCY_768_TDCAN_910B_01_NCR2763 - IPOE VLAN interface Eth-Trunk2.-	
An error occurred: list index out of range -- Error on the IPOE IP: PSG_111_HYB_01 at PSG_111_TDCAN_01_T910B_NCR2595 - IPOE VLAN interface Eth-Trunk3.-	
An error occurred: list index out of range -- Error on the IPOE IP: PSG_107_VDB_01 at PSG_107_TDCAN_01_T910B_NCR2695 - IPOE VLAN interface Eth-Trunk3.-	
An error occurred: list index out of range -- Error on the IPOE IP: PSG_122_HYB_01 at PSG_122_TDCAN_01_T910B_NCR2514 - IPOE VLAN interface Eth-Trunk3.-	
An error occurred: list index out of range -- Error on the IPOE IP: PSG_142_VDB_01 at PSG_142_TDCAN_01_T910B_SL2941 - IPOE VLAN interface Eth-Trunk2.-	
An error occurred: list index out of range -- Error on the IPOE IP: PSG_143_VDB_02 at PSG_143_TDCAN_01_T910CG_NCR2594 - IPOE VLAN interface Eth-Trunk4.-	
An error occurred: list index out of range -- Error on the IPOE IP: SMT_704_VDB_01 at SMT_704_TDCAN_910CG_01_SL2776 - IPOE VLAN interface Eth-Trunk3.-	
An error occurred: list index out of range -- Error on the IPOE IP: QCY_716_VDB_01 at QCY_716_TDCAN_01_T910D_NCR2157 - IPOE VLAN interface 25GigabitEthernet0/2/19.400	
An error occurred: list index out of range -- Error on the IPOE IP: PSG_102_VDB_01 at PSG_102_TDCAN_910CG_01_NCR2486 - IPOE VLAN interface Eth-Trunk3.-	
An error occurred: list index out of range -- Error on the IPOE IP: SJN_112_VDB_01 at SJN_112_TDCAN_910B_01_NCR2557 - IPOE VLAN interface Eth-Trunk3.-	
An error occurred: list index out of range -- Error on the IPOE IP: MRK_625_HYB_01 at MRK_625_TDCAN_910B_01_NCR1383 - IPOE VLAN interface Eth-Trunk2.-	
An error occurred: list index out of range -- Error on the IPOE IP: MRK_703_VDB_01 at MRK_703_TDCAN_910B_01_NCR2141 - IPOE VLAN interface Eth-Trunk3.-	
An error occurred: list index out of range -- Error on the IPOE IP: MRK_608_HYB_01 at MRK_608_TDCAN_910B_01_NCR2140 - IPOE VLAN interface Eth-Trunk3.-	
An error occurred: list index out of range -- Error on the IPOE IP: SJN_114_VDB_01 at SJN_114_TDCAN_910CG_01_NCR2567 - IPOE VLAN interface Eth-Trunk3.-	
An error occurred: list index out of range -- Error on the IPOE IP: SJN_118_HYB_01 at SJN_118_TDCAN_910B_01_NCR2566 - IPOE VLAN interface Eth-Trunk3.-	
An error occurred: list index out of range -- Error on the IPOE IP: SJN_110_VDB_01 at SJN_110_TDCAN_910CG_01_NCR2564 - IPOE VLAN interface Eth-Trunk3.-	
An error occurred: list index out of range -- Error on the IPOE IP: QCY_772_VDA_01 at QCY_772_TDCAN_910B_01_NCR3222 - IPOE VLAN interface GigabitEthernet0/2/19.-	
An error occurred: list index out of range -- Error on the IPOE IP: QCY_772_VDB_01 at QCY_772_TDCAN_910B_01_NCR3222 - IPOE VLAN interface Eth-Trunk2.-	
An error occurred: list index out of range -- Error on the IPOE IP: VLZ_717_HYB_01 at VLZ_717_TDCAN_910B_01_NCR2194 - IPOE VLAN interface Eth-Trunk3.-	
An error occurred: list index out of range -- Error on the IPOE IP: VLZ_714_VDB_01 at VLZ_714_TDCAN_910CG_01_NCR2192 - IPOE VLAN interface Eth-Trunk3.-	
An error occurred: list index out of range -- Error on the IPOE IP: SJN_101_VDB_01 at SJN_101_TDCAN_910CG_01_NCR2558 - IPOE VLAN interface Eth-Trunk3.-	
An error occurred: list index out of range -- Error on the IPOE IP: MNL_726_VDB_01 at MNL_726_TDCAN_910B_01_NCR2323 - IPOE VLAN interface Eth-Trunk2.-	
An error occurred: list index out of range -- Error on the IPOE IP: MRK_126_HYB_01 at MRK_126_TDCAN_910B_01_NCR2687 - IPOE VLAN interface Eth-Trunk3.-	
An error occurred: list index out of range -- Error on the IPOE IP: PQE_201_VDB_01 at PQE_201_TDCAN_910CG_01_NCR3898 - IPOE VLAN interface Eth-Trunk4.-	
An error occurred: list index out of range -- Error on the IPOE IP: PQE_711_VDA_01 at PQE_711_TDCAN_910B_01_NCR2480 - IPOE VLAN interface GigabitEthernet0/2/19.-	
An error occurred: list index out of range -- Error on the IPOE IP: PQE_711_VDB_01 at PQE_711_TDCAN_910B_01_NCR2480 - IPOE VLAN interface Eth-Trunk3.-	
An error occurred: list index out of range -- Error on the IPOE IP: PQE_711_VDB_02 at PQE_711_TDCAN_910B_01_NCR2480 - IPOE VLAN interface Eth-Trunk4.-	
An error occurred: list index out of range -- Error on the IPOE IP: MNL_731_HYB_01 at MNL_731_TDCAN_910B_01_NCR2138 - IPOE VLAN interface Eth-Trunk3.-	
An error occurred: list index out of range -- Error on the IPOE IP: PQE_712_HYB_01 at PQE_712_TDCAN_910B_01_NCR2478 - IPOE VLAN interface Eth-Trunk2.-	
An error occurred: list index out of range -- Error on the IPOE IP: TGG_723_HYB_04 at TGG_723_TDCAN_910CG_01_NCR2683 - IPOE VLAN interface Eth-Trunk5.-	
An error occurred: list index out of range -- Error on the IPOE IP: TGG_728_VDB_01 at TGG_728_TDCAN_910CG_01_NCR2681 - IPOE VLAN interface Eth-Trunk3.-	
An error occurred: list index out of range -- Error on the IPOE IP: PQE_116_VDB_01 at PQE_116_TDCAN_910CG_01_NCR2481 - IPOE VLAN interface Eth-Trunk3.-	
An error occurred: list index out of range -- Error on the IPOE IP: MNL_725_HYB_01 at MNL_725_TDCAN_910B_01_NCR2137 - IPOE VLAN interface Eth-Trunk3.-	
An error occurred: list index out of range -- Error on the IPOE IP: MRK_108_VDB_01 at MRK_108_TDCAN_910CG_01_NCR2457 - IPOE VLAN interface Eth-Trunk3.-	
An error occurred: list index out of range -- Error on the IPOE IP: MKT_224_VDB_01 at MKT_224_TDCAN_910B_01_NCR2867 - IPOE VLAN interface Eth-Trunk2.-	
An error occurred: list index out of range -- Error on the IPOE IP: MKT_224_VDA_01 at MKT_224_TDCAN_910B_01_NCR2867 - IPOE VLAN interface GigabitEthernet0/2/19.-	
An error occurred: list index out of range -- Error on the IPOE IP: MKT_224_HYB_01 at MKT_224_TDCAN_910B_01_NCR2867 - IPOE VLAN interface Eth-Trunk3.-	
An error occurred: list index out of range -- Error on the IPOE IP: MKT_222_HYB_01 at MKT_222_TDCAN_910CG_01_NCR2359 - IPOE VLAN interface Eth-Trunk3.-	
An error occurred: list index out of range -- Error on the IPOE IP: MKT_216_HYB_01 at MKT_216_TDCAN_910B_01_NCR2436 - IPOE VLAN interface Eth-Trunk3.-	
An error occurred: list index out of range -- Error on the IPOE IP: MKT_217_HYB_01 at MKT_217_TDCAN_910CG_01_NCR2434 - IPOE VLAN interface Eth-Trunk3.-	
An error occurred: list index out of range -- Error on the IPOE IP: MKT_704_VDB_01 at MKT_704_TDCAN_910B_01_NCR2116 - IPOE VLAN interface Eth-Trunk3.-	
An error occurred: list index out of range -- Error on the IPOE IP: MKT_204_VDB_01 at MKT_204_TDCAN_910B_01_NCR2860 - IPOE VLAN interface Eth-Trunk3.-	
An error occurred: list index out of range -- Error on the IPOE IP: MKT_206_VDB_01 at MKT_206_TDCAN_910CG_01_NCR2859 - IPOE VLAN interface Eth-Trunk3.-	
An error occurred: list index out of range -- Error on the IPOE IP: MD-541-IS at MD_541_TDCAN_910B_01_NCR1624 - IPOE VLAN interface GigabitEthernet0/2/16.-	
An error occurred: list index out of range -- Error on the IPOE IP: MD-541-IS at MD_541_TDCAN_910B_01_NCR1624 - IPOE VLAN interface GigabitEthernet0/2/16.-	
An error occurred: list index out of range -- Error on the IPOE IP: MD-541-IS at MD_541_TDCAN_910B_01_NCR1624 - IPOE VLAN interface GigabitEthernet0/2/16.-	
An error occurred: list index out of range -- Error on the IPOE IP: MD-541-IS at MD_541_TDCAN_910B_01_NCR1624 - IPOE VLAN interface GigabitEthernet0/2/16.-	
An error occurred: list index out of range -- Error on the IPOE IP: MD-541-IS at MD_541_TDCAN_910B_01_NCR1624 - IPOE VLAN interface GigabitEthernet0/2/16.-	
An error occurred: list index out of range -- Error on the IPOE IP: MD-541-IS at MD_541_TDCAN_910B_01_NCR1624 - IPOE VLAN interface GigabitEthernet0/2/16.-	
An error occurred: list index out of range -- Error on the IPOE IP: MNL_014_HYB_01 at MNL_014_TDCAN_910CG_01_NCR6125 - IPOE VLAN interface Eth-Trunk4.-	
An error occurred: list index out of range -- Error on the IPOE IP: MNL_014_VDB_01 at MNL_014_TDCAN_910CG_01_NCR6125 - IPOE VLAN interface Eth-Trunk5.-	
An error occurred: list index out of range -- Error on the IPOE IP: CLC_001_GPONA_02 at CLC_001_TDCAN_910DA_01_NCR597 - IPOE VLAN interface Eth-Trunk4.-	
An error occurred: list index out of range -- Error on the IPOE IP: MNL_012_VDA_01 at MNL_012_TDCAN_910CG_01_NCR6073 - IPOE VLAN interface GigabitEthernet0/2/16.-	
An error occurred: list index out of range -- Error on the IPOE IP: MNL_012_VDA_02 at MNL_012_TDCAN_910CG_01_NCR6073 - IPOE VLAN interface GigabitEthernet0/2/17.-	
An error occurred: list index out of range -- Error on the IPOE IP: MNL_012_VDA_03 at MNL_012_TDCAN_910CG_01_NCR6073 - IPOE VLAN interface GigabitEthernet0/2/18.-	
An error occurred: list index out of range -- Error on the IPOE IP: MNL_012_GPONA_01 at MNL_012_TDCAN_910CG_01_NCR6073 - IPOE VLAN interface Eth-Trunk4.-	
An error occurred: list index out of range -- Error on the IPOE IP: MNL_012_HYB_01 at MNL_012_TDCAN_910CG_01_NCR6073 - IPOE VLAN interface Eth-Trunk3.-	
An error occurred: list index out of range -- Error on the IPOE IP: MND_720_HYB_01 at MND_720_TDCAN_910CG_01_NCR2208 - IPOE VLAN interface Eth-Trunk2.-	
An error occurred: list index out of range -- Error on the IPOE IP: MND_720_VDB_02 at MND_720_TDCAN_910CG_01_NCR2208 - IPOE VLAN interface Eth-Trunk1.-	
An error occurred: list index out of range -- Error on the IPOE IP: QCY_031_GPONA_01 at QCY_031_TDCAN_910CG_01_NCR6070 - IPOE VLAN interface Eth-Trunk3.-	
An error occurred: list index out of range -- Error on the IPOE IP: MKT_315_HYB_01 at MKT_315_TDCAN_910CG_01_NCR4138 - IPOE VLAN interface Eth-Trunk3.-	
An error occurred: list index out of range -- Error on the IPOE IP: MKT_315_HYB_02 at MKT_315_TDCAN_910CG_01_NCR4138 - IPOE VLAN interface Eth-Trunk5.-	
An error occurred: list index out of range -- Error on the IPOE IP: MKT_315_GPONA_01 at MKT_315_TDCAN_910CG_01_NCR4138 - IPOE VLAN interface Eth-Trunk4.-	
An error occurred: list index out of range -- Error on the IPOE IP: TGG_028_GPONA_01 at TGG_028_TDCAN_910CG_01_NCR7470 - IPOE VLAN interface Eth-Trunk3.-	
An error occurred: list index out of range -- Error on the IPOE IP: TGG_028_VDB_01 at TGG_028_TDCAN_910CG_01_NCR7470 - IPOE VLAN interface GigabitEthernet0/2/16.-	
An error occurred: list index out of range -- Error on the IPOE IP: PQE_027_HYB_01 at PQE_027_TDCAN_910CG_01_NCR9598 - IPOE VLAN interface Eth-Trunk3.-	
An error occurred: list index out of range -- Error on the IPOE IP: PQE_003_GPONA_01 at PQE_003_TDCAN_910CG_01_NCR1028 - IPOE VLAN interface Eth-Trunk3.-	
An error occurred: list index out of range -- Error on the IPOE IP: QCY_033_GPONA_02 at QCY_033_TDCAN_910D_01_NCR5094 - IPOE VLAN interface Eth-Trunk4.-	
An error occurred: list index out of range -- Error on the IPOE IP: QCY_033_GPONA_01 at QCY_033_TDCAN_910D_01_NCR5094 - IPOE VLAN interface Eth-Trunk3.-	
An error occurred: list index out of range -- Error on the IPOE IP: PQE_002_GPONA_01 at PQE_002_TDCAN_910CG_01_NCR4640 - IPOE VLAN interface Eth-Trunk3.-	
An error occurred: list index out of range -- Error on the IPOE IP: QCY_759_VDB_01 at QCY_759_TDCAN_910B_01_NCR2740 - IPOE VLAN interface Eth-Trunk3.-	
An error occurred: list index out of range -- Error on the IPOE IP: SJN_105_VDA_01 at SJN_105_TDCAN_910D_01_NCR2562 - IPOE VLAN interface 25GigabitEthernet0/2/19.400	
An error occurred: list index out of range -- Error on the IPOE IP: SJN_103_HYB_01 at SJN_103_TDCAN_910D_01_NCR2561 - IPOE VLAN interface Eth-Trunk3.-	
An error occurred: list index out of range -- Error on the IPOE IP: SJN_109_VDA_01 at SJN_109_TDCAN_910D_01_NCR1539 - IPOE VLAN interface 25GigabitEthernet0/2/19.400	
An error occurred: list index out of range -- Error on the IPOE IP: PQE_105_HYB_01 at PQE_105_TDCAN_T910B_01_NCR1342 - IPOE VLAN interface Eth-Trunk2.-	
An error occurred: list index out of range -- Error on the IPOE IP: PQE_112_HYB_01 at PQE_112_TDCAN_T910B_01_NCR1344 - IPOE VLAN interface Eth-Trunk3.-	
An error occurred: list index out of range -- Error on the IPOE IP: PQE_112_GPONA_01 at PQE_112_TDCAN_T910B_01_NCR1344 - IPOE VLAN interface Eth-Trunk4.-	
An error occurred: list index out of range -- Error on the IPOE IP: MRK_102_HYB_02 at MRK_102_TDCAN_910B_01_NCR2468 - IPOE VLAN interface Eth-Trunk3.-	
An error occurred: list index out of range -- Error on the IPOE IP: MRK_102_VDB_01 at MRK_102_TDCAN_910B_01_NCR2468 - IPOE VLAN interface Eth-Trunk2.-	
An error occurred: list index out of range -- Error on the IPOE IP: MRK_113_HYB_01 at MRK_113_TDCAN_910B_01_NCR2456 - IPOE VLAN interface Eth-Trunk3.-	
An error occurred: list index out of range -- Error on the IPOE IP: MNL_742_VDB_01 at MNL_742_TDCAN_910CG_01_NCR3349 - IPOE VLAN interface Eth-Trunk3.-	
An error occurred: list index out of range -- Error on the IPOE IP: MND_703_VDB_01 at MND_703_TDCAN_910CG_01_NCR1597 - IPOE VLAN interface Eth-Trunk3.-	
An error occurred: list index out of range -- Error on the IPOE IP: MRK_127_HYB_01 at MRK_127_TDCAN_910B_01_NCR2463 - IPOE VLAN interface Eth-Trunk3.-	
An error occurred: list index out of range -- Error on the IPOE IP: LSP_701_VDB_01 at LSP_701_TDCAN_01_T910B_NCR2112 - IPOE VLAN interface Eth-Trunk3.-	
An error occurred: list index out of range -- Error on the IPOE IP: LSP_701_GPONA_01 at LSP_701_TDCAN_01_T910B_NCR2112 - IPOE VLAN interface Eth-Trunk4.-	
An error occurred: list index out of range -- Error on the IPOE IP: PSG_748_VDB_01 at PSG_748_TDCAN_910CG_01_NCR3190 - IPOE VLAN interface Eth-Trunk3.-	
An error occurred: list index out of range -- Error on the IPOE IP: PSG_740_HYB_01 at PSG_740_TDCAN_01_T910B_NCR2701 - IPOE VLAN interface Eth-Trunk2.-	
An error occurred: list index out of range -- Error on the IPOE IP: PSG_128_VDB_01 at PSG_128_TDCAN_01_T910B_NCR2697 - IPOE VLAN interface Eth-Trunk3.-	
An error occurred: list index out of range -- Error on the IPOE IP: PSG_717_VDB_03 at PSG-717_TDCAN_01_T910CG_NCR1468 - IPOE VLAN interface Eth-Trunk5.-	
An error occurred: list index out of range -- Error on the IPOE IP: TGG_019_VDA_01 at TGG_019_TDCAN_T910D_01_NCR4684 - IPOE VLAN interface GigabitEthernet0/2/4.400	
An error occurred: list index out of range -- Error on the IPOE IP: TGG_019_GPONA_01 at TGG_019_TDCAN_T910D_01_NCR4684 - IPOE VLAN interface GigabitEthernet0/2/4.-	
An error occurred: list index out of range -- Error on the IPOE IP: TGG_022_HYB_01 at TGG_022_TDCAN_T910D_01_NCR6898 - IPOE VLAN interface Eth-Trunk3.400	
An error occurred: list index out of range -- Error on the IPOE IP: TGG_022_GPONA_01 at TGG_022_TDCAN_T910D_01_NCR6898 - IPOE VLAN interface GigabitEthernet0/2/5.-	
An error occurred: list index out of range -- Error on the IPOE IP: TGG_020_HYB_01 at TGG_020_TDCAN_T910CG_01_NCR4649 - IPOE VLAN interface Eth-Trunk3.400	
An error occurred: list index out of range -- Error on the IPOE IP: TGG_020_GPONA_01 at TGG_020_TDCAN_T910CG_01_NCR4649 - IPOE VLAN interface GigabitEthernet0/2/5.400	
An error occurred: list index out of range -- Error on the IPOE IP: MUN_008_HYB_01 at MUN_008_TDCAN_T910D_01_NCR6994 - IPOE VLAN interface Eth-Trunk3.400	
An error occurred: list index out of range -- Error on the IPOE IP: MUN_008_GPONA_01 at MUN_008_TDCAN_T910D_01_NCR6994 - IPOE VLAN interface Eth-Trunk4.400	
An error occurred: list index out of range -- Error on the IPOE IP: MUN_006_GPONA_01 at MUN_006_TDCAN_T910D_01_NCR5978 - IPOE VLAN interface Eth-Trunk3.400	
An error occurred: list index out of range -- Error on the IPOE IP: MUN_004_GPONA_01 at MUN_004_TDCAN_T910D_01_NCR4627 - IPOE VLAN interface Eth-Trunk3.400	
An error occurred: list index out of range -- Error on the IPOE IP: MUN_006_GPONA_01 at MUN_004_TDCAN_T910D_01_NCR4627 - IPOE VLAN interface Eth-Trunk3.400	
An error occurred: list index out of range -- Error on the IPOE IP: MUN_009_GPONA_01 at MUN_009_TDCAN_T910D_01_NCR1018 - IPOE VLAN interface Eth-Trunk3.400	
An error occurred: list index out of range -- Error on the IPOE IP: MUN_002_GPONA_01 at MUN_002_TDCAN_T910D_01_NCR1332 - IPOE VLAN interface Eth-Trunk3.400	
An error occurred: list index out of range -- Error on the IPOE IP: MUN_021_GPONA_01 at MUN_021_TDCAN_T910D_01_NCR9618 - IPOE VLAN interface Eth-Trunk3.400	
An error occurred: list index out of range -- Error on the IPOE IP: MUN_001_GPONA_01 at MUN_001_TDCAN_T910D_01_NCR4692 - IPOE VLAN interface Eth-Trunk3.400	
An error occurred: list index out of range -- Error on the IPOE IP: SJN_002_GPONA_01 at SJN-002_TDCAN_T910D_01_NCR3300 - IPOE VLAN interface Eth-Trunk3.400	
An error occurred: list index out of range -- Error on the IPOE IP: SJN_003_GPONA_01 at SJN-003_TDCAN_T910D_01_NCR5996 - IPOE VLAN interface GigabitEthernet0/2/4.-	
An error occurred: list index out of range -- Error on the IPOE IP: MNL_015_HYB_01 at MNL_015_TDCAN_T910D_01_NCR7585 - IPOE VLAN interface Eth-Trunk4.400	
An error occurred: list index out of range -- Error on the IPOE IP: MNL_015_VDB_01 at MNL_015_TDCAN_T910D_01_NCR7585 - IPOE VLAN interface Eth-Trunk4.400	
An error occurred: list index out of range -- Error on the IPOE IP: MNL_015_VDB_02 at MNL_015_TDCAN_T910D_01_NCR7585 - IPOE VLAN interface Eth-Trunk4.400	
An error occurred: list index out of range -- Error on the IPOE IP: MNL_015_GPONA_01 at MNL_015_TDCAN_T910D_01_NCR7585 - IPOE VLAN interface Eth-Trunk3.400	
An error occurred: list index out of range -- Error on the IPOE IP: PSY_010_HYB_01 at PSY_010_TDCAN_T910D_01_NCR6905 - IPOE VLAN interface Eth-Trunk3.400	
An error occurred: list index out of range -- Error on the IPOE IP: PSY_010_HYB_02 at PSY_010_TDCAN_T910D_01_NCR6905 - IPOE VLAN interface Eth-Trunk4.400	
An error occurred: list index out of range -- Error on the IPOE IP: PSY_010_HYB_03 at PSY_010_TDCAN_T910D_01_NCR6905 - IPOE VLAN interface Eth-Trunk5.400	
An error occurred: list index out of range -- Error on the IPOE IP: PSY_011_GPONA_01 at PSY_011_TDCAN_T910D_01_NCR7375 - IPOE VLAN interface GigabitEthernet0/2/4.-	
An error occurred: list index out of range -- Error on the IPOE IP: MKT_052_HYB_01 at MKT_052_TDCAN_T910D_01_NCR5930 - IPOE VLAN interface Eth-Trunk4.400	
An error occurred: list index out of range -- Error on the IPOE IP: MKT_052_HYB_02 at MKT_052_TDCAN_T910D_01_NCR5930 - IPOE VLAN interface Eth-Trunk5.400	
An error occurred: list index out of range -- Error on the IPOE IP: MKT_052_HYA_01 at MKT_052_TDCAN_T910D_01_NCR5930 - IPOE VLAN interface Eth-Trunk3.400	
An error occurred: list index out of range -- Error on the IPOE IP: PQE_001_GPONA_01 at PQE_001_TDCAN_T910D_01_NCR4643 - IPOE VLAN interface Eth-Trunk3.3101	
An error occurred: list index out of range -- Error on the IPOE IP: MNL_015_GPONA_01 at PQE_001_TDCAN_T910D_01_NCR4643 - IPOE VLAN interface Eth-Trunk3.3101	
An error occurred: list index out of range -- Error on the IPOE IP: MKT_003_GPONA_01 at MKT_003_TDCAN_T910D_01_NCR3902 - IPOE VLAN interface Eth-Trunk3.400	
An error occurred: list index out of range -- Error on the IPOE IP: MKT_047_GPONA_01 at MKT_047_TDCAN_T910D_01_NCR6903 - IPOE VLAN interface Eth-Trunk3.400	
An error occurred: list index out of range -- Error on the IPOE IP: MKT_047_HYB_01 at MKT_047_TDCAN_T910D_01_NCR6903 - IPOE VLAN interface Eth-Trunk4.400	
An error occurred: list index out of range -- Error on the IPOE IP: MKT_048_GPONA_01 at MKT_048_TDCAN_T910D_01_NCR7294 - IPOE VLAN interface Eth-Trunk3.400	
An error occurred: list index out of range -- Error on the IPOE IP: MKT_003_GPONA_01 at MKT_009_TDCAN_T910D_01_NCR4118 - IPOE VLAN interface Eth-Trunk3.400	
An error occurred: list index out of range -- Error on the IPOE IP: QCY_013_GPONA_01 at QCY_013_TDCAN_T910D_01_NCR4683 - IPOE VLAN interface Eth-Trunk3.400	
An error occurred: list index out of range -- Error on the IPOE IP: QCY_047_GPONA_01 at QCY_047_TDCAN_T910D_01_NCR7293 - IPOE VLAN interface Eth-Trunk3.400	
An error occurred: list index out of range -- Error on the IPOE IP: TGG_030_HYB_01 at TGG_030_TDCAN_T910D_01_NCR3579 - IPOE VLAN interface Eth-Trunk3.400	
An error occurred: list index out of range -- Error on the IPOE IP: TGG_017_HYA_01 at TGG_017_TDCAN_T910D_01_NCR3524 - IPOE VLAN interface Eth-Trunk4.400	
An error occurred: list index out of range -- Error on the IPOE IP: TGG_017_GPONA_01 at TGG_017_TDCAN_T910D_01_NCR3524 - IPOE VLAN interface Eth-Trunk3.400	
An error occurred: list index out of range -- Error on the IPOE IP: TGG_010_GPONA_01 at TGG_010_TDCAN_T910D_01_NCR5124 - IPOE VLAN interface Eth-Trunk3.400	
An error occurred: list index out of range -- Error on the IPOE IP: TGG_052_GPONA_01 at TGG_052_TDCAN_T910D_01_NCR10343 - IPOE VLAN interface Eth-Trunk3.400	
An error occurred: list index out of range -- Error on the IPOE IP: TGG_047_GPONA_01 at TGG_047_TDCAN_T910D_01_NCR8560 - IPOE VLAN interface Eth-Trunk3.400	
An error occurred: list index out of range -- Error on the IPOE IP: TGG_053_GPONA_01 at TGG_053_TDCAN_T910D_01_NCR10116 - IPOE VLAN interface Eth-Trunk3.400	
An error occurred: list index out of range -- Error on the IPOE IP: TGG_046_GPONA_01 at TGG_046_TDCAN_T910D_01_NCR8561 - IPOE VLAN interface Eth-Trunk3.400	
An error occurred: list index out of range -- Error on the IPOE IP: PQE_007_HYA_01 at PQE_007_TDCAN_T910D_O1_NCR6041 - IPOE VLAN interface Eth-Trunk3.-	
An error occurred: list index out of range -- Error on the IPOE IP: MKT_043_GPONA_01 at MKT_043_TDCAN_T910D_01_NCR93 - IPOE VLAN interface GigabitEthernet0/2/4.-	
An error occurred: list index out of range -- Error on the IPOE IP: MKT_044_GPONA_01 at MKT_044_TDCAN_T910D_01_NCR3518 - IPOE VLAN interface GigabitEthernet0/2/4.-	
An error occurred: list index out of range -- Error on the IPOE IP: MKT_054_HYB_01 at MKT_054_TDCAN_T910D_01_NCR7701 - IPOE VLAN interface Eth-Trunk3.400	
An error occurred: list index out of range -- Error on the IPOE IP: MKT_002_GPONA_01 at MKT_002_TDCAN_T910D_01_NCR5008 - IPOE VLAN interface Eth-Trunk3.400	
An error occurred: list index out of range -- Error on the IPOE IP: MKT_023_HYB_01 at MKT_023_TDCAN_T910D_01_NCR5768 - IPOE VLAN interface GigabitEthernet0/2/1.-	
An error occurred: list index out of range -- Error on the IPOE IP: MKT_023_GPONA_01 at MKT_023_TDCAN_T910D_01_NCR5768 - IPOE VLAN interface GigabitEthernet0/2/0.-	
An error occurred: list index out of range -- Error on the IPOE IP: MKT_025_GPONA_02 at MKT_025_TDCAN_T910D_01_NCR5126 - IPOE VLAN interface Eth-Trunk3.400	
An error occurred: list index out of range -- Error on the IPOE IP: MKT_013_HYB_01 at MKT_013_TDCAN_T910D_01_NCR3901 - IPOE VLAN interface Eth-Trunk4.400	
An error occurred: list index out of range -- Error on the IPOE IP: MKT_013_HYB_02 at MKT_013_TDCAN_T910D_01_NCR3901 - IPOE VLAN interface Eth-Trunk5.400	
An error occurred: list index out of range -- Error on the IPOE IP: MKT_013_HYB_03 at MKT_013_TDCAN_T910D_01_NCR3901 - IPOE VLAN interface Eth-Trunk6.400	
An error occurred: list index out of range -- Error on the IPOE IP: MKT_050_GPONA_01 at MKT_050_TDCAN_T910D_01_NCR7699 - IPOE VLAN interface Eth-Trunk3.400	
An error occurred: list index out of range -- Error on the IPOE IP: QCY_001_GPONA_01 at QCY_001_TDCAN_T910CG_01_NCR4172 - IPOE VLAN interface Eth-Trunk3.400	
An error occurred: list index out of range -- Error on the IPOE IP: QCY_001_GPONA_02 at QCY_001_TDCAN_T910CG_01_NCR4172 - IPOE VLAN interface GigabitEthernet0/2/5.-	
An error occurred: list index out of range -- Error on the IPOE IP: VLZ_711_HYB_01 at VLZ-711-NCR2646-ATN910B-01 - IPOE VLAN interface Eth-Trunk3.-	
An error occurred: list index out of range -- Error on the IPOE IP: PSG_003_GPONA_01 at PSG_003_TDCAN_T910CG_01_NCR3495 - IPOE VLAN interface GigabitEthernet0/2/4.400	
An error occurred: list index out of range -- Error on the IPOE IP: PSG_003_GPONA_02 at PSG_003_TDCAN_T910CG_01_NCR3495 - IPOE VLAN interface Eth-Trunk3.400	
An error occurred: list index out of range -- Error on the IPOE IP: TGG_006_GPONA_01 at TGG_006_TDCAN_T910D_01_NCR3527 - IPOE VLAN interface GigabitEthernet0/2/4.-	
An error occurred: list index out of range -- Error on the IPOE IP: PSG_004_GPONA_01 at PSG_004_TDCAN_T910D_01_NCR3347 - IPOE VLAN interface Eth-Trunk3.400	
An error occurred: list index out of range -- Error on the IPOE IP: PSG_007_GPONA_01 at PSG_007_TDCAN_T910D_01_NCR4481 - IPOE VLAN interface Eth-Trunk3.400	
An error occurred: list index out of range -- Error on the IPOE IP: PSG_007_GPONA_01 at PSG_008_TDCAN_T910D_01_NCR6038 - IPOE VLAN interface Eth-Trunk3.400	
An error occurred: list index out of range -- Error on the IPOE IP: PSG_008_GPONA_01 at PSG_008_TDCAN_T910D_01_NCR6038 - IPOE VLAN interface Eth-Trunk3.400	
An error occurred: list index out of range -- Error on the IPOE IP: PSG_012_GPONA_01 at PSG_012_TDCAN_T910D_01_NCR7280 - IPOE VLAN interface Eth-Trunk3.400	
An error occurred: list index out of range -- Error on the IPOE IP: PSG_002_GPONA_01 at PSG_002_TDCAN_T910D_01_NCR4837 - IPOE VLAN interface Eth-Trunk3.400	
An error occurred: list index out of range -- Error on the IPOE IP: VLZ_706_HYB_01 at VLZ-706-NCR2186-ATN910B-01 - IPOE VLAN interface Eth-Trunk3.-	
An error occurred: list index out of range -- Error on the IPOE IP: VLZ_706_VDB_01 at VLZ-706-NCR2186-ATN910B-01 - IPOE VLAN interface Eth-Trunk4.-	
An error occurred: list index out of range -- Error on the IPOE IP: QCY_918_HYB_01 at QCY_918_TDCAN_T910C_01_NCR5386 - IPOE VLAN interface Eth-Trunk3.2734	
An error occurred: list index out of range -- Error on the IPOE IP: MKT_810_HYB_01 at MKT_810_TDCAN_910CG_NCR3521 - IPOE VLAN interface Eth-Trunk3.-	
An error occurred: list index out of range -- Error on the IPOE IP: PQE_060_HYA_01 at PQE_060_TDCAN_910CG_01_NCR6040 - IPOE VLAN interface Eth-Trunk3.-	
An error occurred: list index out of range -- Error on the IPOE IP: PQE_060_VDB_01 at PQE_060_TDCAN_910CG_01_NCR6040 - IPOE VLAN interface Eth-Trunk4.-	
An error occurred: list index out of range -- Error on the IPOE IP: MNL_016_HYB_01 at MNL_016_TDCAN_T910D_01_NCR7397 - IPOE VLAN interface Eth-Trunk3.400	
An error occurred: list index out of range -- Error on the IPOE IP: MNL_007_VDA_01 at MNL_007_TDCAN_T910D_01_NCR5096 - IPOE VLAN interface Eth-Trunk4.-	
An error occurred: list index out of range -- Error on the IPOE IP: MNL_007_GPONA_01 at MNL_007_TDCAN_T910D_01_NCR5096 - IPOE VLAN interface Eth-Trunk3.400	
An error occurred: list index out of range -- Error on the IPOE IP: MNL_017_HYB_01 at MNL_017_TDCAN_T910D_01_NCR7380 - IPOE VLAN interface Eth-Trunk3.400	
An error occurred: list index out of range -- Error on the IPOE IP: MNL_017_HYB_02 at MNL_017_TDCAN_T910D_01_NCR7380 - IPOE VLAN interface Eth-Trunk4.400	
An error occurred: list index out of range -- Error on the IPOE IP: MNL_113_HYB_01 at MNL_113_TDCAN_T910D_01_NCR9119 - IPOE VLAN interface Eth-Trunk3.400	
An error occurred: list index out of range -- Error on the IPOE IP: MNL_018_HYB_01 at MNL_018_TDCAN_T910D_01_NCR8156 - IPOE VLAN interface Eth-Trunk3.400	
An error occurred: list index out of range -- Error on the IPOE IP: MND_009_GPONA_01 at MND_009_TDCAN_T910D_01_NCR1255 - IPOE VLAN interface GigabitEthernet0/2/0.400	
An error occurred: list index out of range -- Error on the IPOE IP: MNL_011_GPONA_01 at MNL_011_TDCAN_T910D_01_NCR747 - IPOE VLAN interface GigabitEthernet0/2/0.-	
An error occurred: list index out of range -- Error on the IPOE IP: PQE_006_HYB_01 at PQE_006_TDCAN_T910D_01_NCR7600 - IPOE VLAN interface Eth-Trunk3.400	
An error occurred: list index out of range -- Error on the IPOE IP: TGG_036_GPONA_01 at TGG_036_TDCAN_T910D_01_NCR8160 - IPOE VLAN interface Eth-Trunk3.400	
An error occurred: list index out of range -- Error on the IPOE IP: TGG_026_GPONA_01 at TGG_026_TDCAN_T910D_01_NCR6907 - IPOE VLAN interface GigabitEthernet0/2/4.-	
An error occurred: list index out of range -- Error on the IPOE IP: TGG_033_HYB_01 at TGG_033_TDCAN_T910D_01_NCR7586 - IPOE VLAN interface Eth-Trunk4.400	
An error occurred: list index out of range -- Error on the IPOE IP: PQE_110_VDB_01 at PQE_110_TDCAN_910B_01_NCR1264 - IPOE VLAN interface Eth-Trunk2.-	
An error occurred: list index out of range -- Error on the IPOE IP: MKT_173_VDB_01 at MKT_173_TDCAN_910C_01_NCR2438 - IPOE VLAN interface Eth-Trunk3.-	
An error occurred: list index out of range -- Error on the IPOE IP: PSY_601_VDB_02 at PSY_601_TDCAN_910C_01_NCR1733 - IPOE VLAN interface Eth-Trunk4.-	
An error occurred: list index out of range -- Error on the IPOE IP: PQE_611_VDB_01 at PQE-611-NCR1352-ATN910B-01 - IPOE VLAN interface Eth-Trunk3.-	
An error occurred: list index out of range -- Error on the IPOE IP: PQE_611_GPONA_01 at PQE-611-NCR1352-ATN910B-01 - IPOE VLAN interface Eth-Trunk4.-	
An error occurred: list index out of range -- Error on the IPOE IP: MNL_604_VDB_03 at MNL-604-NCR1433-ATN910C-01 - IPOE VLAN interface Eth-Trunk4.-	
An error occurred: list index out of range -- Error on the IPOE IP: MKT_651_VDB_01 at MK-651-NCR2424-ATN910C-01 - IPOE VLAN interface Eth-Trunk5.-	
An error occurred: list index out of range -- Error on the IPOE IP: MKT_651_VDB_02 at MK-651-NCR2424-ATN910C-01 - IPOE VLAN interface Eth-Trunk6.-	
An error occurred: list index out of range -- Error on the IPOE IP: MKT_643_VDB_02 at MK-643-NCR1694-ATN910C-01 - IPOE VLAN interface Eth-Trunk4.-	
An error occurred: list index out of range -- Error on the IPOE IP: MKT_650_HYB_02 at MK_650_TDCAN_910CG_01_NCR1682 - IPOE VLAN interface Eth-Trunk4.-	
An error occurred: list index out of range -- Error on the IPOE IP: PSG_754_VDB_01 at PSG-754-NCR4167-ATN910C-01 - IPOE VLAN interface Eth-Trunk3.-	
An error occurred: list index out of range -- Error on the IPOE IP: PSG_745_VDB_01 at PSG-745-NCR3348-ATN910C-01 - IPOE VLAN interface Eth-Trunk4.-	
An error occurred: list index out of range -- Error on the IPOE IP: MND_201_HYB_01 at MND-201-NCR3295-ATN910C-01 - IPOE VLAN interface Eth-Trunk4.-	
An error occurred: list index out of range -- Error on the IPOE IP: TGG_104_VDB_01 at TGG-104-NCR745-ATN910C-01 - IPOE VLAN interface Eth-Trunk3.-	
An error occurred: list index out of range -- Error on the IPOE IP: QCY_672_VDA_01 at QCY-672_TDCAN_T910D_01_NCR1577 - IPOE VLAN interface 25GigabitEthernet0/2/19.400	
An error occurred: list index out of range -- Error on the IPOE IP: RDR_603_HYB_01 at RDR_603_TDCAN_910B_01_SL1544 - IPOE VLAN interface Eth-Trunk3.-	
An error occurred: list index out of range -- Error on the IPOE IP: RDR_603_VDB_01 at RDR_603_TDCAN_910B_01_SL1544 - IPOE VLAN interface Eth-Trunk2.-	
An error occurred: list index out of range -- Error on the IPOE IP: PSG_722_VDB_02 at PSG_722_TDCAN_910CG_01_NCR1471 - IPOE VLAN interface Eth-Trunk5.-	
An error occurred: list index out of range -- Error on the IPOE IP: MKT_175_VDB_01 at MKT-175-NCR2376-ATN910C-01 - IPOE VLAN interface Eth-Trunk4.-	
An error occurred: list index out of range -- Error on the IPOE IP: QCY_963_HYB_01 at QCY_963-NCR5675-ATN910C-01 - IPOE VLAN interface Eth-Trunk3.2715	
An error occurred: list index out of range -- Error on the IPOE IP: MKT_158_VDB_01 at MKT-158-NCR2395-ATN910C-01 - IPOE VLAN interface Eth-Trunk3.-	
An error occurred: list index out of range -- Error on the IPOE IP: QCY_919_HYB_01 at QCY_919-NCR5393-ATN910C-01 - IPOE VLAN interface Eth-Trunk3.2737	
An error occurred: list index out of range -- Error on the IPOE IP: QCY_922_HYB_01 at QCY_922-NCR5351-ATN910C-01 - IPOE VLAN interface Eth-Trunk3.2737	
An error occurred: list index out of range -- Error on the IPOE IP: TGG_707_VDB_01 at TGG-707-NCR2616-ATN910C-01 - IPOE VLAN interface Eth-Trunk3.-	
An error occurred: list index out of range -- Error on the IPOE IP: QCY_987_VDB_01 at QCY_987-NCR5540-ATN910C-01 - IPOE VLAN interface Eth-Trunk3.2719	
An error occurred: list index out of range -- Error on the IPOE IP: VLZ_933_VDB_01 at VLZ_933-NCR5658-ATN910C-01 - IPOE VLAN interface Eth-Trunk3.-	
An error occurred: list index out of range -- Error on the IPOE IP: VLZ_938_VDB_01 at VLZ_938-NCR5551-ATN910C-01 - IPOE VLAN interface Eth-Trunk3.-	
An error occurred: list index out of range -- Error on the IPOE IP: VLZ_938_VDB_02 at VLZ_938-NCR5551-ATN910C-01 - IPOE VLAN interface Eth-Trunk4.-	
An error occurred: list index out of range -- Error on the IPOE IP: MND_721_HYB_02 at MND-721-NCR2342-ATN910C-01 - IPOE VLAN interface Eth-Trunk5.-	
An error occurred: list index out of range -- Error on the IPOE IP: MND_721_HYB_03 at MND-721-NCR2342-ATN910C-01 - IPOE VLAN interface Eth-Trunk6.-	
An error occurred: list index out of range -- Error on the IPOE IP: QCY_983_HYB_01 at QCY_983-NCR5462-ATN910C-01 - IPOE VLAN interface Eth-Trunk3.2718	
An error occurred: list index out of range -- Error on the IPOE IP: MKT_162_VDB_01 at MKT_162_TDCAN_T910C_01_NCR381 - IPOE VLAN interface Eth-Trunk3.-	
An error occurred: list index out of range -- Error on the IPOE IP: MKT_154_VDB_01 at MKT-154-NCR2446-ATN910C-01 - IPOE VLAN interface Eth-Trunk3.-	
An error occurred: list index out of range -- Error on the IPOE IP: QCY_912_HYB_01 at QCY_912-NCR5435-ATN910C-01 - IPOE VLAN interface Eth-Trunk3.2747	
An error occurred: list index out of range -- Error on the IPOE IP: PSY_716_HYB_02 at PSY_716_TDCAN_910CG_01_NCR4386 - IPOE VLAN interface Eth-Trunk4.-	
An error occurred: list index out of range -- Error on the IPOE IP: PSY_714_HYB_02 at PSY-714-NCR4262-ATN910C-01 - IPOE VLAN interface Eth-Trunk4.-	
An error occurred: list index out of range -- Error on the IPOE IP: PSG_749_VDB_01 at PSG-749-NCR3954-ATN910C-01 - IPOE VLAN interface Eth-Trunk5.-	
An error occurred: list index out of range -- Error on the IPOE IP: VLZ_925_HYB_01 at VLZ_925-NCR5676-ATN910C-01 - IPOE VLAN interface Eth-Trunk3.2750	
An error occurred: list index out of range -- Error on the IPOE IP: VLZ_926_HYB_01 at VLZ_926-NCR5653-ATN910C-01 - IPOE VLAN interface Eth-Trunk3.2750	
An error occurred: list index out of range -- Error on the IPOE IP: VLZ_927_HYB_01 at VLZ_927-NCR5626-ATN910C-01 - IPOE VLAN interface Eth-Trunk3.2750	
An error occurred: list index out of range -- Error on the IPOE IP: QCY_215_HYB_02 at QCY-215-NCR3999-ATN910C-01 - IPOE VLAN interface Eth-Trunk4.-	
An error occurred: list index out of range -- Error on the IPOE IP: QCY_215_HYB_03 at QCY-215-NCR3999-ATN910C-01 - IPOE VLAN interface Eth-Trunk5.-	
An error occurred: list index out of range -- Error on the IPOE IP: MUN_706_VDB_02 at MUN_706_TDCAN_910CG_01_NCR2473 - IPOE VLAN interface Eth-Trunk5.-	
An error occurred: list index out of range -- Error on the IPOE IP: QCY_939_HYB_01 at BT-NOVA-NCR5137-AGFMN-X2-M8-01 - IPOE VLAN interface GigabitEthernet0/3/2.2716	
An error occurred: list index out of range -- Error on the IPOE IP: MNL_919_HYB_01 at BT-PACO-NCR5136-AGFMN-X2-M8-01 - IPOE VLAN interface GigabitEthernet0/3/2.2728	
An error occurred: list index out of range -- Error on the IPOE IP: VLZ_017_GPONA_01 at RINCONRD_TDCAN_T910D_01_NCR590 - IPOE VLAN interface 25GigabitEthernet0/2/12.400	
An error occurred: list index out of range -- Error on the IPOE IP: MND_000_VDB_01 at MND000_TDCAN_T910D_01_NCR1249 - IPOE VLAN interface Eth-Trunk3.-	
An error occurred: list index out of range -- Error on the IPOE IP: MND_000_VDB_02 at MND000_TDCAN_T910D_01_NCR1249 - IPOE VLAN interface Eth-Trunk4.-	
An error occurred: list index out of range -- Error on the IPOE IP: MND_022_GPONA_01 at SAMAT_TDCAN_T910D_01_NCR559 - IPOE VLAN interface 25GigabitEthernet0/2/10.400	
An error occurred: list index out of range -- Error on the IPOE IP: MKT_001_GPONA_01 at VALERO-NCR733-AGGFMN-X16A-01 - IPOE VLAN interface Eth-Trunk15.-	
An error occurred: list index out of range -- Error on the IPOE IP: MKT_001_GPONA_01 at VALERO-NCR733-AGGFMN-X16A-02 - IPOE VLAN interface Eth-Trunk15.-	
An error occurred: list index out of range -- Error on the IPOE IP: MLB_001_GPONA_01 at CANERO-NCR1387-AGGFMN-X16A-02 - IPOE VLAN interface 100GigabitEthernet5/0/0.2750	
An error occurred: list index out of range -- Error on the IPOE IP: CLC_014_GPONA_01 at CANERO-NCR1387-AGGFMN-X16A-02 - IPOE VLAN interface 100GigabitEthernet5/0/0.2750	
An error occurred: list index out of range -- Error on the IPOE IP: QCY_019_GPONA_02 at ROXAS DISTRICT-NCR1070-TRS_DC_AG-R2-01 - IPOE VLAN interface Eth-Trunk6.400	
An error occurred: list index out of range -- Error on the IPOE IP: PQE_004_GPONA_02 at SUNVALLEY-NCR1028-TRS_DC_AG-R5-01 - IPOE VLAN interface Eth-Trunk8.400	
An error occurred: list index out of range -- Error on the IPOE IP: QCY_019_GPONA_02 at AURORA-NCR206-TRS_DC_AGG-R0-02 - IPOE VLAN interface Eth-Trunk20.-	
An error occurred: list index out of range -- Error on the IPOE IP: CLC_052_GPONA_01 at TALA_TDCAN_T980C_01_NCR145 - IPOE VLAN interface GigabitEthernet0/2/4.400	
An error occurred: list index out of range -- Error on the IPOE IP: MND_029_VDB_01 at PODIUM_TDCAN_T980C_01_NCR720 - IPOE VLAN interface Eth-Trunk1.-	
An error occurred: list index out of range -- Error on the IPOE IP: PSG_072_VDB_01 at GALLERIA_TDCAN_T980C_01_NCR701 - IPOE VLAN interface Eth-Trunk3.-	
An error occurred: list index out of range -- Error on the IPOE IP: MND_033_VDB_01 at SHANGPARK-NCR561-TRS_DC_MAN-R1R1_L6LTE-01 - IPOE VLAN interface Eth-Trunk3.-	
An error occurred: list index out of range -- Error on the IPOE IP: PSG_067_VDB_01 at EXCHANDRV_TDCAN_T950C_01_NCR1996 - IPOE VLAN interface Eth-Trunk1.-	
An error occurred: list index out of range -- Error on the IPOE IP: PSG_066_VDB_01 at ORIENTSQ_TDCAN_T980C_01_NCR718 - IPOE VLAN interface Eth-Trunk1.-	
An error occurred: list index out of range -- Error on the IPOE IP: TGG_774_VDB_01 at PACIFICSTHTWR-NCR3430-TRS_DC_MAN-R8R8_L6-01 - IPOE VLAN interface GigabitEthernet0/2/0.-	
An error occurred: list index out of range -- Error on the IPOE IP: TGG_751_ADSLA_01 at ONEWORLD_TDCAN_T980C_01_NCR1878 - IPOE VLAN interface GigabitEthernet0/1/4.-	
An error occurred: list index out of range -- Error on the IPOE IP: TGG_049_HYB_01 at FAIRWAY-NCR1797-TRS_DC_MAN-R8R8_L7-01 - IPOE VLAN interface Eth-Trunk1.-	
An error occurred: list index out of range -- Error on the IPOE IP: TGG_102_VDB_01 at SERENDIST2_TDCAN_T980C_01_NCR2000 - IPOE VLAN interface Eth-Trunk1.-	
An error occurred: list index out of range -- Error on the IPOE IP: MKT_798_HYB_01 at COLUMNONE_TDCAN_T950D_01_NCR2914 - IPOE VLAN interface Eth-Trunk1.-	
An error occurred: list index out of range -- Error on the IPOE IP: PSG_069_VDB_01 at ESTANCIAMALL_TDCAN_T980C_01_NCR3756 - IPOE VLAN interface GigabitEthernet0/3/2.-	
An error occurred: list index out of range -- Error on the IPOE IP: PSY_610_VDB_01 at MIAACTR1_TDCAN_T980C_01_NCR2609 - IPOE VLAN interface GigabitEthernet0/7/7.-	
An error occurred: list index out of range -- Error on the IPOE IP: MND_002_GPONA_01 at AURORA-NCR206-TRS_DC_AG-R0-01 - IPOE VLAN interface Eth-Trunk10.-	
An error occurred: list index out of range -- Error on the IPOE IP: PQE_004_GPONA_01 at SUCAT-NCR1030-TRS_DC_AG-R5-01 - IPOE VLAN interface Eth-Trunk16.400	
An error occurred: list index out of range -- Error on the IPOE IP: MKT_308_VDB_01 at ALPHAMKTI-NCR3502-TRS_DC_MAN-R0R8_L13-01 - IPOE VLAN interface Eth-Trunk1.-	
An error occurred: list index out of range -- Error on the IPOE IP: MKT_904_VDB_01 at URBANBANK_TDCAN_T950D_01_NCR930 - IPOE VLAN interface GigabitEthernet0/3/3.2681	
An error occurred: list index out of range -- Error on the IPOE IP: PSY_608_VDB_01 at SMCORPCTR-NCR1036-TRS_DC_MAN-R9R9_L26LTE-01 - IPOE VLAN interface GigabitEthernet7/5/2.-	
An error occurred: list index out of range -- Error on the IPOE IP: PTR_001_GPONA_01 at VALERO-NCR733-AGGFN-X8-02 - IPOE VLAN interface GigabitEthernet1/0/23.-	
An error occurred: list index out of range -- Error on the IPOE IP: MKT_001_GPONA_01 at VALERO-NCR733-AGGFN-X8-02 - IPOE VLAN interface GigabitEthernet4/1/7.401	
An error occurred: list index out of range -- Error on the IPOE IP: MKT_001_GPONA_02 at VALERO-NCR733-AGGFN-X8-02 - IPOE VLAN interface GigabitEthernet4/1/7.401	
An error occurred: list index out of range -- Error on the IPOE IP: PTR_001_GPONA_01 at VALERO-NCR733-AGGFN-X8-01 - IPOE VLAN interface GigabitEthernet4/0/6.-	
An error occurred: list index out of range -- Error on the file name: 10.81.22.27_AURORA-NCR206-AGGFN-X8-01.log

An error occurred: list index out of range -- Error on the IPOE IP: QCY_101_GPONA_01 at AURORA-NCR206-AGGFN-X8A-01 - IPOE VLAN interface Eth-Trunk10.400	
An error occurred: list index out of range -- Error on the IPOE IP: PQE_028_HYB_01 at KINGSFRDHTLPQUENCRID_TDCAN_T980C_01_NCR8713 - IPOE VLAN interface GigabitEthernet0/3/1.-	
An error occurred: list index out of range -- Error on the IPOE IP: MND_026_HYB_01 at FAMERESIMANDAID_TDCAN_T980C_R0R5_01_NCR9597 - IPOE VLAN interface Eth-Trunk1.-	
An error occurred: list index out of range -- Error on the IPOE IP: MND_026_HYB_02 at FAMERESIMANDAID_TDCAN_T980C_R0R5_01_NCR9597 - IPOE VLAN interface Eth-Trunk2.-	
An error occurred: list index out of range -- Error on the IPOE IP: MND_026_HYB_03 at FAMERESIMANDAID_TDCAN_T980C_R0R5_01_NCR9597 - IPOE VLAN interface Eth-Trunk3.-	
An error occurred: list index out of range -- Error on the AG: ANT_001_GPONA_01 at MAYAMOT3_TDCAN_T950C_01_SL517	[[], ['10.198.170.3'], ['10.175.105.30'], []]

An error occurred: list index out of range -- Error on the IPOE IP: MAL_102_VDA_01 at MAL_102_TDCAN_910B_01_NL1258 - IPOE VLAN interface GigabitEthernet0/2/16.-	
An error occurred: list index out of range -- Error on the IPOE IP: TGR_001_GPONA_01 at TUGUEGARAO-NL842-TRS_DC_AG-R2-02 - IPOE VLAN interface GigabitEthernet7/0/0.-	
An error occurred: list index out of range -- Error on the IPOE IP: SFP_607_GPONA_01 at TARLAC-NL1576-AGGFMN-X16A-01 - IPOE VLAN interface VE10/0/0.-	
An error occurred: list index out of range -- Error on the IPOE IP: SFP_607_GPONA_01 at TARLAC-NL1576-AGGFMN-X16A-02 - IPOE VLAN interface VE10/0/0.-	
An error occurred: list index out of range -- Error on the IPOE IP: PUL_702_VDB_01 at SMPULILAN_TDCAN_980C_01_NL2958 - IPOE VLAN interface Eth-Trunk1.-	
An error occurred: list index out of range -- Error on the AG: MBL_004_GPONA_01 at MABALACAT(ATN950C)-NL1197-TRS_DC_MAN-R0R5_L024-01	[['10.175.27.50'], []]

An error occurred: list index out of range -- Error on the IPOE IP: ALM_002_GPONA_02 at SROQUEALMNOSPGSN-NL2884-TRS_DC_MAN-R7R7_L004-01 - IPOE VLAN interface GigabitEthernet0/1/1.-	
An error occurred: list index out of range -- Error on the IPOE IP: TLV_003_GPONA_01 at TLVERATWN_TDCAN_910D_01_NL1405 - IPOE VLAN interface 25GigabitEthernet0/2/20.400	
An error occurred: list index out of range -- Error on the AG: PRD_001_GPONA_01 at PLARIDEL(ATN950C)-NL544-TRS_DC_MAN-R5R5-01	[['10.175.27.52'], []]

An error occurred: list index out of range -- Error on the AG: MBL_003_GPONA_01 at DAU1_TDCAN_T980C_01_NL127	[['10.175.27.50'], []]

An error occurred: list index out of range -- Error on the IPOE IP: CMB_709_HYB_01 at CMB-709-SL2124-ATN910C-01 - IPOE VLAN interface Eth-Trunk3.-	
An error occurred: list index out of range -- Error on the IPOE IP: CAB_603_VDB_01 at CAB_603_TDCAN_910CB_01_SL1460 - IPOE VLAN interface Eth-Trunk3.-	
An error occurred: list index out of range -- Error on the IPOE IP: DSM_607_VDB_01 at BCDS_607_TDCAN_T910D_01_SL1287 - IPOE VLAN interface 25GigabitEthernet0/2/19.400	
An error occurred: list index out of range -- Error on the IPOE IP: CMO_701_VDB_02 at CMO_701_TDCAN_910D_01_SL1308 - IPOE VLAN interface Eth-Trunk3.-	
An error occurred: list index out of range -- Error on the IPOE IP: SLG_704_VDA_01 at SLG-704_TDCAN_910B_01_SL1416 - IPOE VLAN interface GigabitEthernet0/2/19.-	
An error occurred: list index out of range -- Error on the IPOE IP: SPO_601_VDB_01 at SPO_601_TDCAN_910D_01_SL1475 - IPOE VLAN interface Eth-Trunk4.-	
An error occurred: list index out of range -- Error on the IPOE IP: SPO_604_VDB_01 at SPO_604_TDCAN_910D_01_SL1476 - IPOE VLAN interface Eth-Trunk6.-	
An error occurred: list index out of range -- Error on the IPOE IP: SPO_605_VDB_01 at SPO_605_TDCAN_910D_01_SL1478 - IPOE VLAN interface Eth-Trunk6.-	
An error occurred: list index out of range -- Error on the IPOE IP: SPO_606_VDB_01 at SPO_606_TDCAN_910D_01_SL1695 - IPOE VLAN interface Eth-Trunk5.-	
An error occurred: list index out of range -- Error on the IPOE IP: BTY_127_VDB_01 at BTY-127-SL2430-ATN910B-01 - IPOE VLAN interface Eth-Trunk4.-	
An error occurred: list index out of range -- Error on the IPOE IP: BTY_111_VDB_01 at BTY_111_TDCAN_910CB_01_SL2563 - IPOE VLAN interface Eth-Trunk5.-	
An error occurred: list index out of range -- Error on the IPOE IP: DSM_126_HYB_01 at DSM_126_TDCAN_910D_01_SL2651 - IPOE VLAN interface Eth-Trunk3.-	
An error occurred: list index out of range -- Error on the IPOE IP: PPR_701_VDB_01 at PPR_701_TDCAN_910CB_01_SL2383 - IPOE VLAN interface Eth-Trunk3.-	
An error occurred: list index out of range -- Error on the IPOE IP: SLG_102_VDA_01 at SLG_102_TDCAN_910B_01_SL2633 - IPOE VLAN interface GigabitEthernet0/2/19.-	
An error occurred: list index out of range -- Error on the IPOE IP: TGY_501_HYB_01 at TGY_501_TDCAN_910CG_01_SL3238 - IPOE VLAN interface Eth-Trunk3.-	
An error occurred: list index out of range -- Error on the IPOE IP: NVL_101_HYB_01 at NVL_101_TDCAN_910CG_01_SL2519 - IPOE VLAN interface Eth-Trunk3.400	
An error occurred: list index out of range -- Error on the IPOE IP: TNT_101_VDB_01 at TNT_101_TDCAN_910CG_01_SL2558 - IPOE VLAN interface Eth-Trunk4.-	
An error occurred: list index out of range -- Error on the IPOE IP: TNZ_104_HYB_01 at TNZ_104_TDCAN_910D_01_SL2559 - IPOE VLAN interface Eth-Trunk3.-	
An error occurred: list index out of range -- Error on the IPOE IP: GNR_101_VDB_01 at GNR_101_TDCAN_910D_01_SL2747 - IPOE VLAN interface Eth-Trunk3.-	
An error occurred: list index out of range -- Error on the IPOE IP: BTY_701_VDB_01 at BTY_701_TDCAN_910B_01_SL2062 - IPOE VLAN interface Eth-Trunk3.-	
An error occurred: list index out of range -- Error on the IPOE IP: STT_704_VDB_01 at STT_704_TDCAN_910DA_01_SL1665 - IPOE VLAN interface Eth-Trunk2.-	
An error occurred: list index out of range -- Error on the IPOE IP: TNN_703_VDB_01 at TNN_703_TDCAN_910CG_01_SL1852 - IPOE VLAN interface Eth-Trunk3.-	
An error occurred: list index out of range -- Error on the IPOE IP: CMO_702_HYB_01 at CMO_702_TDCAN_910D_01_SL1428 - IPOE VLAN interface Eth-Trunk3.-	
An error occurred: list index out of range -- Error on the IPOE IP: SPO_701_HYB_01 at SPO_701_TDCAN_910D_01_SL1846 - IPOE VLAN interface Eth-Trunk3.-	
An error occurred: list index out of range -- Error on the IPOE IP: DSM_117_HYB_01 at DSM_117_TDCAN_910CG_01_SL2635 - IPOE VLAN interface Eth-Trunk4.-	
An error occurred: list index out of range -- Error on the IPOE IP: MLV_701_VDB_01 at MLV-701-SL2006-ATN910C-01 - IPOE VLAN interface Eth-Trunk3.-	
An error occurred: list index out of range -- Error on the IPOE IP: RSR_103_VDB_01 at RSR-103-SL2524-ATN910C-01 - IPOE VLAN interface Eth-Trunk3.-	
An error occurred: list index out of range -- Error on the IPOE IP: RSR_102_VDB_01 at RSR-102-SL2523-ATN910C-01 - IPOE VLAN interface Eth-Trunk3.-	
An error occurred: list index out of range -- Error on the IPOE IP: RSR_101_VDB_01 at RSR-101-SL2522-ATN910C-01 - IPOE VLAN interface Eth-Trunk3.-	
An error occurred: list index out of range -- Error on the IPOE IP: GNR_107_VDB_01 at GNR-107-SL2748-ATN910C-01 - IPOE VLAN interface Eth-Trunk3.-	
An error occurred: list index out of range -- Error on the IPOE IP: LOY_001_GPONA_01 at LGONOY_TDCAN_T980C_01_SL661 - IPOE VLAN interface Eth-Trunk1.400	
An error occurred: list index out of range -- Error on the IPOE IP: SJO_300_GPONA_01 at SNJSCS_TDCAN_T910D_01_SL674 - IPOE VLAN interface Eth-Trunk1.400	
An error occurred: list index out of range -- Error on the IPOE IP: TNZ_001_GPONA_02 at TNZ_001_TDCAN_T910D_01_SL727 - IPOE VLAN interface Eth-Trunk4.400	
An error occurred: list index out of range -- Error on the IPOE IP: TNZ_001_GPONA_01 at TNZ_001_TDCAN_T910D_01_SL727 - IPOE VLAN interface Eth-Trunk3.400	
An error occurred: list index out of range -- Error on the IPOE IP: TNZ_001_GPONA_03 at TNZ_001_TDCAN_T910D_01_SL727 - IPOE VLAN interface Eth-Trunk5.400	
An error occurred: list index out of range -- Error on the IPOE IP: IMS_001_GPONA_04 at IMS_001_TDCAN_T910D_01_SL715 - IPOE VLAN interface Eth-Trunk6.400	
An error occurred: list index out of range -- Error on the IPOE IP: IMS_001_GPONA_03 at IMS_001_TDCAN_T910D_01_SL715 - IPOE VLAN interface Eth-Trunk5.400	
An error occurred: list index out of range -- Error on the IPOE IP: IMS_001_GPONA_02 at IMS_001_TDCAN_T910D_01_SL715 - IPOE VLAN interface Eth-Trunk4.400	
An error occurred: list index out of range -- Error on the IPOE IP: IMS_001_GPONA_01 at IMS_001_TDCAN_T910D_01_SL715 - IPOE VLAN interface GigabitEthernet0/2/5.400	
An error occurred: list index out of range -- Error on the IPOE IP: GOA_002_GPONA_01 at POBGOA_TDCAN_T910D_01_SL2925 - IPOE VLAN interface Eth-Trunk1.400	
An error occurred: list index out of range -- Error on the IPOE IP: SJO_300_GPONA_01 at SAGNAY_TDCAN_T980C_01_SL747 - IPOE VLAN interface Eth-Trunk2.400	
An error occurred: list index out of range -- Error on the IPOE IP: LOY_001_GPONA_01 at SAGNAY_TDCAN_T980C_01_SL747 - IPOE VLAN interface Eth-Trunk2.400	
An error occurred: list index out of range -- Error on the IPOE IP: GOA_002_GPONA_01 at SAGNAY_TDCAN_T980C_01_SL747 - IPOE VLAN interface Eth-Trunk2.400	
An error occurred: list index out of range -- Error on the AG: SRS_008_GPONA_01 at DILASTROSALAG(ATN980C)_TDCAN_01_SL2440	[['10.175.52.54'], []]

An error occurred: list index out of range -- Error on the IPOE IP: LBM_901_VDB_01 at LIBMAN(ATN980C)-SL719-TRS_DC_AN-R2R2_L1LTE-01 - IPOE VLAN interface Eth-Trunk1.2734	
An error occurred: list index out of range -- Error on the IPOE IP: BCR_006_GPONA_01 at BACOOR-SL565-AGFN-X8-01 - IPOE VLAN interface Eth-Trunk1.400	
An error occurred: list index out of range -- Error on the IPOE IP: BCR_006_GPONA_01 at Dasma-SL614-AGFN-X2-01 - IPOE VLAN interface Eth-Trunk1.400	
An error occurred: list index out of range -- Error on the IPOE IP: ILO_317_HYB_01 at ILO-118-VIS3005-ATN910C-01 - IPOE VLAN interface Eth-Trunk6.-	
An error occurred: list index out of range -- Error on the IPOE IP: ILO_317_VDB_01 at ILO-118-VIS3005-ATN910C-01 - IPOE VLAN interface Eth-Trunk7.-	
An error occurred: list index out of range -- Error on the IPOE IP: VIC_103_VDB_01 at VIC-103-VIS2528-ATN910C-01 - IPOE VLAN interface Eth-Trunk4.-	
An error occurred: list index out of range -- Error on the IPOE IP: PNM_102_VDB_01 at PNM-102-VIS2821-ATN910C-01 - IPOE VLAN interface Eth-Trunk4.-	
An error occurred: list index out of range -- Error on the IPOE IP: VIC_105_VDB_01 at VIC_105_TDCAN_T910CG_01_VIS2524 - IPOE VLAN interface Eth-Trunk4.-	
An error occurred: list index out of range -- Error on the IPOE IP: TSY_703_HYB_01 at TSY_703_TDCAN_T910C_01_VIS1825 - IPOE VLAN interface Eth-Trunk4.-	
An error occurred: list index out of range -- Error on the IPOE IP: TSY_703_GPONA_01 at TSY_703_TDCAN_T910C_01_VIS1825 - IPOE VLAN interface Eth-Trunk4.400	
An error occurred: list index out of range -- Error on the IPOE IP: BIG_104_VDB_01 at BIG_104_TDCAN_T910CG_01_VIS2363 - IPOE VLAN interface Eth-Trunk4.-	
An error occurred: list index out of range -- Error on the IPOE IP: HIM_105_VDB_01 at HIM-105-VIS2346-ATN910C-01 - IPOE VLAN interface Eth-Trunk4.-	
An error occurred: list index out of range -- Error on the IPOE IP: CEB-750-MS at CEB-750-VIS1184-ATN910C-01 - IPOE VLAN interface GigabitEthernet0/2/12.-	
An error occurred: list index out of range -- Error on the IPOE IP: TAL_602_HYB_01 at TAL-602-VIS1130-ATN910B-01 - IPOE VLAN interface Eth-Trunk1.-	
An error occurred: list index out of range -- Error on the IPOE IP: HIL_101_VDB_01 at HIL-101-VIS2719-ATN910C-01 - IPOE VLAN interface Eth-Trunk3.-	
An error occurred: list index out of range -- Error on the IPOE IP: MDE_160_VDB_01 at MDE-160-VIS2879-ATN910C-01 - IPOE VLAN interface Eth-Trunk4.-	
An error occurred: list index out of range -- Error on the IPOE IP: TAG_106_HYB_01 at TAG-106-VIS3036-ATN910C-01 - IPOE VLAN interface Eth-Trunk5.-	
An error occurred: list index out of range -- Error on the IPOE IP: TLD_704_HYB_01 at TLD-704-VIS1835-ATN910C-01 - IPOE VLAN interface Eth-Trunk4.-	
An error occurred: list index out of range -- Error on the IPOE IP: KAL_106_HYB_01 at KAL-106-VIS2366-ATN910C-01 - IPOE VLAN interface Eth-Trunk3.400	
An error occurred: list index out of range -- Error on the IPOE IP: CEB_758_VDB_01 at CEB-758-VIS1114-ATN910B-01 - IPOE VLAN interface Eth-Trunk2.-	
An error occurred: list index out of range -- Error on the IPOE IP: VIC_104_HYB_01 at VIC_104_TDCAN_T910C_01_VIS2526 - IPOE VLAN interface Eth-Trunk6.-	
An error occurred: list index out of range -- Error on the IPOE IP: ORM_122_HYB_01 at ORM-122-VIS2700-ATN910C-01 - IPOE VLAN interface Eth-Trunk4.-	
An error occurred: list index out of range -- Error on the IPOE IP: ESC_101_VDB_01 at ESC-101-VIS2429-ATN910C-01 - IPOE VLAN interface Eth-Trunk4.-	
An error occurred: list index out of range -- Error on the IPOE IP: MER_103_VDB_01 at MER_103_TDCAN_T910D_01_VIS2641 - IPOE VLAN interface Eth-Trunk4.-	
An error occurred: list index out of range -- Error on the IPOE IP: CEB_109_ADSLA_01 at CEB-109-VIS3183-ATN910C-01 - IPOE VLAN interface GigabitEthernet0/2/11.-	
An error occurred: list index out of range -- Error on the IPOE IP: CEB_109_VDB_01 at CEB-109-VIS3183-ATN910C-01 - IPOE VLAN interface Eth-Trunk4.-	
An error occurred: list index out of range -- Error on the IPOE IP: SBB_104_VDB_01 at SBB-104-VIS2563-ATN910C-01 - IPOE VLAN interface Eth-Trunk4.-	
An error occurred: list index out of range -- Error on the IPOE IP: CEB_062_HYB_01 at CEB_062_TDCAN_T910D_01_VIS2861 - IPOE VLAN interface Eth-Trunk4.-	
An error occurred: list index out of range -- Error on the IPOE IP: LPU_238_VDB_01 at LPU-238-VIS2903-ATN910C-01 - IPOE VLAN interface Eth-Trunk4.-	
An error occurred: list index out of range -- Error on the IPOE IP: LPU_237_VDB_01 at LPU-237-VIS3131-ATN910C-01 - IPOE VLAN interface Eth-Trunk5.-	
An error occurred: list index out of range -- Error on the IPOE IP: ROX_117_HYB_01 at ROX-117-VIS2390-ATN910C-01 - IPOE VLAN interface Eth-Trunk4.-	
An error occurred: list index out of range -- Error on the IPOE IP: LIL_103_VDA_01 at LIL-103-VIS2095-ATN910B-01 - IPOE VLAN interface Eth-Trunk3.-	
An error occurred: list index out of range -- Error on the IPOE IP: LIL_103_VDA_02 at LIL-103-VIS2095-ATN910B-01 - IPOE VLAN interface Eth-Trunk4.-	
An error occurred: list index out of range -- Error on the IPOE IP: LIL_103_VDA_03 at LIL-103-VIS2095-ATN910B-01 - IPOE VLAN interface Eth-Trunk5.-	
An error occurred: list index out of range -- Error on the IPOE IP: LIL_103_VDA_04 at LIL-103-VIS2095-ATN910B-01 - IPOE VLAN interface Eth-Trunk6.-	
An error occurred: list index out of range -- Error on the IPOE IP: LIL_104_HYB_01 at LIL-104-VIS2096-ATN910B-01 - IPOE VLAN interface Eth-Trunk3.-	
An error occurred: list index out of range -- Error on the IPOE IP: MIN_704_HYB_01 at MIN_704_TDCAN_T910CG_01_VIS2099 - IPOE VLAN interface Eth-Trunk3.-	
An error occurred: list index out of range -- Error on the IPOE IP: CEB_027_VDB_01 at CEB_027_TDCAN_T910CG_01_VIS2896 - IPOE VLAN interface Eth-Trunk4.-	
An error occurred: list index out of range -- Error on the IPOE IP: CEB_006_VDB_02 at CEB_006_TDCAN_T910CG_01_VIS2787 - IPOE VLAN interface Eth-Trunk5.-	
An error occurred: list index out of range -- Error on the IPOE IP: CEB_045_VDA_01 at CEB_050_TDCAN_T910CG_01_VIS1100 - IPOE VLAN interface GigabitEthernet0/2/14.-	
An error occurred: list index out of range -- Error on the IPOE IP: LIL_601_VDA_01 at LIL_601_TDCAN_T910CG_01_VIS1124 - IPOE VLAN interface GigabitEthernet0/2/13.-	
An error occurred: list index out of range -- Error on the IPOE IP: LIL_703_HYB_01 at LIL_703_TDCAN_T910B_01_VIS1125 - IPOE VLAN interface Eth-Trunk2.-	
An error occurred: list index out of range -- Error on the IPOE IP: CON_601_HYB_01 at CON_601_TDCAN_T910B_01_VIS1121 - IPOE VLAN interface Eth-Trunk3.-	
An error occurred: list index out of range -- Error on the IPOE IP: CEB_071_VDA_02 at CEB_071_TDCAN_T910B_01_VIS1095 - IPOE VLAN interface GigabitEthernet0/2/2.-	
An error occurred: list index out of range -- Error on the IPOE IP: CEB_071_VDA_01 at CEB_071_TDCAN_T910B_01_VIS1095 - IPOE VLAN interface GigabitEthernet0/2/0.-	
An error occurred: list index out of range -- Error on the IPOE IP: CEB_743_VDB_01 at CEB_743_TDCAN_T910B_01_VIS1847 - IPOE VLAN interface Eth-Trunk3.-	
An error occurred: list index out of range -- Error on the IPOE IP: CEB_737_VDB_01 at CEB_737_TDCAN_T910B_01_VIS1154 - IPOE VLAN interface Eth-Trunk3.-	
An error occurred: list index out of range -- Error on the IPOE IP: ILO_006_HYB_01 at ILO_006_TDCAN_T910CG_01_VIS3909 - IPOE VLAN interface Eth-Trunk3.-	
An error occurred: list index out of range -- Error on the IPOE IP: ILO_005_VDB_02 at ILO_005_TDCAN_T910CG_01_VIS3764 - IPOE VLAN interface Eth-Trunk5.-	
An error occurred: list index out of range -- Error on the IPOE IP: CEB_116_VDA_01 at CEB_116_TDCAN_T910B_01_VIS1084 - IPOE VLAN interface GigabitEthernet0/2/16.-	
An error occurred: list index out of range -- Error on the IPOE IP: CEB_116_VDA_02 at CEB_116_TDCAN_T910B_01_VIS1084 - IPOE VLAN interface GigabitEthernet0/2/18.-	
An error occurred: list index out of range -- Error on the IPOE IP: CEB_010_VDB_01 at CEB_010_TDCAN_T910B_01_VIS2780 - IPOE VLAN interface Eth-Trunk4.-	
An error occurred: list index out of range -- Error on the IPOE IP: CEB_709_VDA_02 at CEB_709_TDCAN_T910B_01_VIS2692 - IPOE VLAN interface Eth-Trunk3.-	
An error occurred: list index out of range -- Error on the IPOE IP: CEB_705_HYB_01 at CEB_705_TDCAN_T910B_01_VIS109 - IPOE VLAN interface Eth-Trunk3.-	
An error occurred: list index out of range -- Error on the IPOE IP: CEB_705_ADSLA_01 at CEB_705_TDCAN_T910B_01_VIS109 - IPOE VLAN interface GigabitEthernet0/2/19.-	
An error occurred: list index out of range -- Error on the IPOE IP: CEB_103_HYB_01 at CEB_103_TDCAN_T910CG_01_VIS3086 - IPOE VLAN interface Eth-Trunk3.-	
An error occurred: list index out of range -- Error on the IPOE IP: CEB_720_VDB_01 at CEB_720_TDCAN_T910B_01_VIS2759 - IPOE VLAN interface Eth-Trunk3.-	
An error occurred: list index out of range -- Error on the IPOE IP: CEB_708_HYB_01 at CEB_708_TDCAN_T910CG_01_VIS1153 - IPOE VLAN interface Eth-Trunk4.-	
An error occurred: list index out of range -- Error on the IPOE IP: CEB_777_HYB_01 at CEB_777_TDCAN_T910B_01_VIS1157 - IPOE VLAN interface Eth-Trunk3.-	
An error occurred: list index out of range -- Error on the IPOE IP: CEB_774_VDB_01 at CEB_774_TDCAN_T910D_01_VIS1818 - IPOE VLAN interface 25GigabitEthernet0/2/13.400	
An error occurred: list index out of range -- Error on the IPOE IP: CEB_773_HYB_01 at CEB_773_TDCAN_T910B_01_VIS1831 - IPOE VLAN interface Eth-Trunk3.-	
An error occurred: list index out of range -- Error on the IPOE IP: CAR_702_VDB_01 at CAR_702_TDCAN_T910CG_01_VIS1131 - IPOE VLAN interface Eth-Trunk3.-	
An error occurred: list index out of range -- Error on the IPOE IP: GHN_701_HYB_01 at GHN-701-VIS2157-ATN910C-01 - IPOE VLAN interface Eth-Trunk4.-	
An error occurred: list index out of range -- Error on the IPOE IP: CEB_003_VDB_01 at CEB-003-VIS2783-ATN910C-01 - IPOE VLAN interface Eth-Trunk4.-	
An error occurred: list index out of range -- Error on the IPOE IP: PLP_901_HYB_01 at PLP_901-VIS3274-ATN910C-01 - IPOE VLAN interface Eth-Trunk3.-	
An error occurred: list index out of range -- Error on the IPOE IP: CEB_131_VDB_01 at CEB_131_TDCAN_T910B_01_VIS2875 - IPOE VLAN interface Eth-Trunk3.-	
An error occurred: list index out of range -- Error on the IPOE IP: CEB_085_VDA_01 at CEB_085_TDCAN_T910B_01_VIS2873 - IPOE VLAN interface GigabitEthernet0/2/16.-	
An error occurred: list index out of range -- Error on the IPOE IP: CEB_085_VDB_01 at CEB_085_TDCAN_T910B_01_VIS2873 - IPOE VLAN interface Eth-Trunk3.-	
An error occurred: list index out of range -- Error on the IPOE IP: DTE_101_VDB_01 at DTE_101_TDCAN_T910D_01_VIS2422 - IPOE VLAN interface Eth-Trunk4.-	
An error occurred: list index out of range -- Error on the IPOE IP: BRG_101_HYB_01 at BRG-101-VIS2467-ATN910C-01 - IPOE VLAN interface Eth-Trunk4.-	
An error occurred: list index out of range -- Error on the IPOE IP: BRG_102_HYB_01 at BRG-102-VIS2468-ATN910C-01 - IPOE VLAN interface Eth-Trunk4.-	
An error occurred: list index out of range -- Error on the IPOE IP: BYW_703_VDB_01 at BYW_703_TDCAN_T910D_01_VIS81510 - IPOE VLAN interface Eth-Trunk4.-	
An error occurred: list index out of range -- Error on the IPOE IP: CEB_712_VDB_01 at CEB-712-VIS2319-ATN910C-01 - IPOE VLAN interface Eth-Trunk4.-	
An error occurred: list index out of range -- Error on the IPOE IP: TOG_701_HYB_01 at TOG-701-VIS1805-ATN910C-01 - IPOE VLAN interface Eth-Trunk4.-	
An error occurred: list index out of range -- Error on the IPOE IP: MIA_104_VDB_01 at MIA-104-VIS2556-ATN910C-01 - IPOE VLAN interface Eth-Trunk4.-	
An error occurred: list index out of range -- Error on the IPOE IP: ISL_001_GPONA_01 at LAHUG-VIS148-AGGFMN-X16A-02 - IPOE VLAN interface 100GigabitEthernet3/0/0.-	
An error occurred: list index out of range -- Error on the IPOE IP: BCD_001_GPONA_01 at LAHUG-VIS148-AGGFMN-X16A-02 - IPOE VLAN interface 100GigabitEthernet3/0/0.-	
An error occurred: list index out of range -- Error on the IPOE IP: BIG_001_GPONA_01 at LAHUG-VIS148-AGGFMN-X16A-02 - IPOE VLAN interface 100GigabitEthernet5/0/1.-	
An error occurred: list index out of range -- Error on the IPOE IP: TAC_001_GPONA_01 at LAHUG-VIS148-AGGFMN-X16A-02 - IPOE VLAN interface 100GigabitEthernet5/0/1.-	
An error occurred: list index out of range -- Error on the IPOE IP: VIC_001_GPONA_01 at LAHUG-VIS148-AGGFMN-X16A-02 - IPOE VLAN interface 100GigabitEthernet3/0/0.-	
An error occurred: list index out of range -- Error on the IPOE IP: BIG_001_GPONA_01 at JMBASA-VIS927-AGGFMN-X16A-01 - IPOE VLAN interface 100GigabitEthernet3/0/0.2059	
An error occurred: list index out of range -- Error on the IPOE IP: TAC_001_GPONA_01 at JMBASA-VIS927-AGGFMN-X16A-01 - IPOE VLAN interface 100GigabitEthernet3/0/0.2059	
An error occurred: list index out of range -- Error on the IPOE IP: ILO_007_GPONA_01 at JMBASA-VIS927-AGGFMN-X16A-02 - IPOE VLAN interface 100GigabitEthernet3/0/0.-	
An error occurred: list index out of range -- Error on the IPOE IP: TIG_001_GPONA_01 at JMBASA-VIS927-AGGFMN-X16A-02 - IPOE VLAN interface 100GigabitEthernet3/0/0.-	
An error occurred: list index out of range -- Error on the IPOE IP: KAL_001_GPONA_01 at JMBASA-VIS927-AGGFMN-X16A-02 - IPOE VLAN interface 100GigabitEthernet3/0/0.-	
An error occurred: list index out of range -- Error on the IPOE IP: TLD_001_GPONA_01 at TOLEDO-VIS904-TRS_DC_MAN-R3R3_L3-01 - IPOE VLAN interface Eth-Trunk7.-	
An error occurred: list index out of range -- Error on the IPOE IP: DAN_002_GPONA_01 at DANAO2-VIS39-TRS_DC_MAN-R3R3_L28-01 - IPOE VLAN interface Eth-Trunk3.-	
An error occurred: list index out of range -- Error on the IPOE IP: SIL_704_VDB_01 at BCDAIR-VIS2015-TRS_DC_AN-R2R2_L4LTE-01 - IPOE VLAN interface Eth-Trunk7.-	
An error occurred: list index out of range -- Error on the IPOE IP: CEB_105_ADSLA_01 at SMSEA1_TDCAN_T980C_01_VIS3198 - IPOE VLAN interface Eth-Trunk3.-	
An error occurred: list index out of range -- Error on the IPOE IP: TUR_101_HYB_01 at TUR-101-VIS2826-ATN910C-01 - IPOE VLAN interface Eth-Trunk4.-	
An error occurred: list index out of range -- Error on the IPOE IP: BCD_004_HYB_01 at FORD-VIS817-AGGFN-X2-01 - IPOE VLAN interface GigabitEthernet0/6/3.400	
An error occurred: list index out of range -- Error on the IPOE IP: BCD_004_HYB_01 at FORD-VIS817-AGGFN-X2-02 - IPOE VLAN interface GigabitEthernet0/6/3.400	
An error occurred: list index out of range -- Error on the IPOE IP: ILO_004_GPONA_01 at JMBASA-VIS927-AGGFN-X2-02 - IPOE VLAN interface Eth-Trunk2.400	
An error occurred: list index out of range -- Error on the IPOE IP: ILO_003_GPONA_02 at JMBASA-VIS927-AGGFN-X2-02 - IPOE VLAN interface Eth-Trunk1.400	
An error occurred: list index out of range -- Error on the IPOE IP: CEB_070_HYB_01 at LAHUG-VIS148-AGGFN-X8-02 - IPOE VLAN interface GigabitEthernet6/0/10.400	
An error occurred: list index out of range -- Error on the IPOE IP: ISL_001_GPONA_01 at LAHUG-VIS148-AGGFN-X8-02 - IPOE VLAN interface GigabitEthernet7/0/10.-	
An error occurred: list index out of range -- Error on the IPOE IP: CTR_903_VDB_01 at LAHUG-VIS148-AGGFN-X8-02 - IPOE VLAN interface GigabitEthernet7/0/10.-	
An error occurred: list index out of range -- Error on the IPOE IP: BCD_001_GPONA_01 at LAHUG-VIS148-AGGFN-X8-02 - IPOE VLAN interface GigabitEthernet7/0/10.-	
An error occurred: list index out of range -- Error on the IPOE IP: BIG_001_GPONA_01 at LAHUG-VIS148-AGGFN-X8-02 - IPOE VLAN interface GigabitEthernet7/0/10.-	
An error occurred: list index out of range -- Error on the IPOE IP: CEB_004_GPONA_01 at LAHUG-VIS148-AGGFN-X8-02 - IPOE VLAN interface GigabitEthernet6/0/5.400	
An error occurred: list index out of range -- Error on the IPOE IP: TAC_001_GPONA_01 at LAHUG-VIS148-AGGFN-X8-02 - IPOE VLAN interface GigabitEthernet7/0/10.-	
An error occurred: list index out of range -- Error on the IPOE IP: VIC_001_GPONA_01 at LAHUG-VIS148-AGGFN-X8-02 - IPOE VLAN interface GigabitEthernet7/0/10.-	
An error occurred: list index out of range -- Error on the IPOE IP: TAC_121_VDA_01 at Tac-VIS965-AGGFN-X2-02 - IPOE VLAN interface GigabitEthernet0/1/6.-	
An error occurred: list index out of range -- Error on the IPOE IP: CEB_070_HYB_01 at LAHUG-VIS148-AGGFN-X8-01 - IPOE VLAN interface GigabitEthernet4/0/11.400	
An error occurred: list index out of range -- Error on the IPOE IP: CEB_004_GPONA_01 at LAHUG-VIS148-AGGFN-X8-01 - IPOE VLAN interface GigabitEthernet5/0/11.402	
An error occurred: list index out of range -- Error on the IPOE IP: MDE_002_GPONA_01 at LAHUG-VIS148-AGGFN-X8-01 - IPOE VLAN interface Eth-Trunk7.400	
An error occurred: list index out of range -- Error on the IPOE IP: MDE_005_GPONA_01 at LAHUG-VIS148-AGGFMN-X16A-01 - IPOE VLAN interface 100GigabitEthernet3/0/0.135	
An error occurred: list index out of range -- Error on the IPOE IP: CEB_020_GPONA_01 at LAHUG-VIS148-AGGFMN-X16A-01 - IPOE VLAN interface 100GigabitEthernet3/0/0.135	
An error occurred: list index out of range -- Error on the IPOE IP: SJB_701_VDB_01 at SJB-701-VIS2068-ATN910C-01 - IPOE VLAN interface Eth-Trunk4.-	
An error occurred: list index out of range -- Error on the IPOE IP: SJB_702_VDB_01 at SJB-702-VIS81521-ATN910C-01 - IPOE VLAN interface Eth-Trunk4.-	
An error occurred: list index out of range -- Error on the IPOE IP: JRN_701_HYB_01 at JRN-701-VIS2210-ATN910C-01 - IPOE VLAN interface Eth-Trunk4.-	
